Procesando: ./.gitignore
Procesando: ./MaintManager.API/Controllers/AlertsController.cs
Procesando: ./MaintManager.API/Controllers/AuthController.cs
Procesando: ./MaintManager.API/Controllers/InventoryController.cs
Procesando: ./MaintManager.API/Controllers/MaintenancesController.cs
Procesando: ./MaintManager.API/Controllers/ReportsController.cs
Procesando: ./MaintManager.API/Controllers/VehiclesController.cs
Procesando: ./MaintManager.API/Controllers/WorkersController.cs
Procesando: ./MaintManager.API/MaintManager.API.csproj
Procesando: ./MaintManager.API/MaintManager.API.http
Procesando: ./MaintManager.API/Middleware/GlobalExceptionMiddleware.cs
Procesando: ./MaintManager.API/Program.cs
Procesando: ./MaintManager.API/Properties/launchSettings.json
Procesando: ./MaintManager.API/appsettings.Development.json
Procesando: ./MaintManager.API/appsettings.json
Procesando: ./MaintManager.API/bin/Debug/net10.0/BuildHost-net472/Microsoft.Build.Locator.dll
Procesando: ./MaintManager.API/bin/Debug/net10.0/BuildHost-net472/Microsoft.CodeAnalysis.Workspaces.MSBuild.BuildHost.exe
Procesando: ./MaintManager.API/bin/Debug/net10.0/BuildHost-net472/Microsoft.CodeAnalysis.Workspaces.MSBuild.BuildHost.exe.config
Procesando: ./MaintManager.API/bin/Debug/net10.0/BuildHost-net472/Microsoft.IO.Redist.dll
Procesando: ./MaintManager.API/bin/Debug/net10.0/BuildHost-net472/Newtonsoft.Json.dll
Procesando: ./MaintManager.API/bin/Debug/net10.0/BuildHost-net472/System.Buffers.dll
Procesando: ./MaintManager.API/bin/Debug/net10.0/BuildHost-net472/System.Collections.Immutable.dll
Procesando: ./MaintManager.API/bin/Debug/net10.0/BuildHost-net472/System.CommandLine.dll
Procesando: ./MaintManager.API/bin/Debug/net10.0/BuildHost-net472/System.Memory.dll
Procesando: ./MaintManager.API/bin/Debug/net10.0/BuildHost-net472/System.Numerics.Vectors.dll
Procesando: ./MaintManager.API/bin/Debug/net10.0/BuildHost-net472/System.Runtime.CompilerServices.Unsafe.dll
Procesando: ./MaintManager.API/bin/Debug/net10.0/BuildHost-net472/System.Threading.Tasks.Extensions.dll
Procesando: ./MaintManager.API/bin/Debug/net10.0/BuildHost-net472/cs/System.CommandLine.resources.dll
Procesando: ./MaintManager.API/bin/Debug/net10.0/BuildHost-net472/de/System.CommandLine.resources.dll
Procesando: ./MaintManager.API/bin/Debug/net10.0/BuildHost-net472/es/System.CommandLine.resources.dll
Procesando: ./MaintManager.API/bin/Debug/net10.0/BuildHost-net472/fr/System.CommandLine.resources.dll
Procesando: ./MaintManager.API/bin/Debug/net10.0/BuildHost-net472/it/System.CommandLine.resources.dll
Procesando: ./MaintManager.API/bin/Debug/net10.0/BuildHost-net472/ja/System.CommandLine.resources.dll
Procesando: ./MaintManager.API/bin/Debug/net10.0/BuildHost-net472/ko/System.CommandLine.resources.dll
Procesando: ./MaintManager.API/bin/Debug/net10.0/BuildHost-net472/pl/System.CommandLine.resources.dll
Procesando: ./MaintManager.API/bin/Debug/net10.0/BuildHost-net472/pt-BR/System.CommandLine.resources.dll
Procesando: ./MaintManager.API/bin/Debug/net10.0/BuildHost-net472/ru/System.CommandLine.resources.dll
Procesando: ./MaintManager.API/bin/Debug/net10.0/BuildHost-net472/tr/System.CommandLine.resources.dll
Procesando: ./MaintManager.API/bin/Debug/net10.0/BuildHost-net472/zh-Hans/System.CommandLine.resources.dll
Procesando: ./MaintManager.API/bin/Debug/net10.0/BuildHost-net472/zh-Hant/System.CommandLine.resources.dll
Procesando: ./MaintManager.API/bin/Debug/net10.0/BuildHost-netcore/Microsoft.Build.Locator.dll
Procesando: ./MaintManager.API/bin/Debug/net10.0/BuildHost-netcore/Microsoft.CodeAnalysis.Workspaces.MSBuild.BuildHost.deps.json
Procesando: ./MaintManager.API/bin/Debug/net10.0/BuildHost-netcore/Microsoft.CodeAnalysis.Workspaces.MSBuild.BuildHost.dll
Procesando: ./MaintManager.API/bin/Debug/net10.0/BuildHost-netcore/Microsoft.CodeAnalysis.Workspaces.MSBuild.BuildHost.dll.config
Procesando: ./MaintManager.API/bin/Debug/net10.0/BuildHost-netcore/Microsoft.CodeAnalysis.Workspaces.MSBuild.BuildHost.runtimeconfig.json
Procesando: ./MaintManager.API/bin/Debug/net10.0/BuildHost-netcore/Newtonsoft.Json.dll
Procesando: ./MaintManager.API/bin/Debug/net10.0/BuildHost-netcore/System.Collections.Immutable.dll
Procesando: ./MaintManager.API/bin/Debug/net10.0/BuildHost-netcore/System.CommandLine.dll
Procesando: ./MaintManager.API/bin/Debug/net10.0/BuildHost-netcore/cs/System.CommandLine.resources.dll
Procesando: ./MaintManager.API/bin/Debug/net10.0/BuildHost-netcore/de/System.CommandLine.resources.dll
Procesando: ./MaintManager.API/bin/Debug/net10.0/BuildHost-netcore/es/System.CommandLine.resources.dll
Procesando: ./MaintManager.API/bin/Debug/net10.0/BuildHost-netcore/fr/System.CommandLine.resources.dll
Procesando: ./MaintManager.API/bin/Debug/net10.0/BuildHost-netcore/it/System.CommandLine.resources.dll
Procesando: ./MaintManager.API/bin/Debug/net10.0/BuildHost-netcore/ja/System.CommandLine.resources.dll
Procesando: ./MaintManager.API/bin/Debug/net10.0/BuildHost-netcore/ko/System.CommandLine.resources.dll
Procesando: ./MaintManager.API/bin/Debug/net10.0/BuildHost-netcore/pl/System.CommandLine.resources.dll
Procesando: ./MaintManager.API/bin/Debug/net10.0/BuildHost-netcore/pt-BR/System.CommandLine.resources.dll
Procesando: ./MaintManager.API/bin/Debug/net10.0/BuildHost-netcore/ru/System.CommandLine.resources.dll
Procesando: ./MaintManager.API/bin/Debug/net10.0/BuildHost-netcore/tr/System.CommandLine.resources.dll
Procesando: ./MaintManager.API/bin/Debug/net10.0/BuildHost-netcore/zh-Hans/System.CommandLine.resources.dll
Procesando: ./MaintManager.API/bin/Debug/net10.0/BuildHost-netcore/zh-Hant/System.CommandLine.resources.dll
Procesando: ./MaintManager.API/bin/Debug/net10.0/ClosedXML.Parser.dll
Procesando: ./MaintManager.API/bin/Debug/net10.0/ClosedXML.dll
Procesando: ./MaintManager.API/bin/Debug/net10.0/DocumentFormat.OpenXml.Framework.dll
Procesando: ./MaintManager.API/bin/Debug/net10.0/DocumentFormat.OpenXml.dll
Procesando: ./MaintManager.API/bin/Debug/net10.0/ExcelNumberFormat.dll
Procesando: ./MaintManager.API/bin/Debug/net10.0/FluentValidation.DependencyInjectionExtensions.dll
Procesando: ./MaintManager.API/bin/Debug/net10.0/FluentValidation.dll
Procesando: ./MaintManager.API/bin/Debug/net10.0/LatoFont/Lato-Black.ttf
Procesando: ./MaintManager.API/bin/Debug/net10.0/LatoFont/Lato-BlackItalic.ttf
Procesando: ./MaintManager.API/bin/Debug/net10.0/LatoFont/Lato-Bold.ttf
Procesando: ./MaintManager.API/bin/Debug/net10.0/LatoFont/Lato-BoldItalic.ttf
Procesando: ./MaintManager.API/bin/Debug/net10.0/LatoFont/Lato-ExtraBold.ttf
Procesando: ./MaintManager.API/bin/Debug/net10.0/LatoFont/Lato-ExtraBoldItalic.ttf
Procesando: ./MaintManager.API/bin/Debug/net10.0/LatoFont/Lato-ExtraLight.ttf
Procesando: ./MaintManager.API/bin/Debug/net10.0/LatoFont/Lato-ExtraLightItalic.ttf
Procesando: ./MaintManager.API/bin/Debug/net10.0/LatoFont/Lato-Italic.ttf
Procesando: ./MaintManager.API/bin/Debug/net10.0/LatoFont/Lato-Light.ttf
Procesando: ./MaintManager.API/bin/Debug/net10.0/LatoFont/Lato-LightItalic.ttf
Procesando: ./MaintManager.API/bin/Debug/net10.0/LatoFont/Lato-Medium.ttf
Procesando: ./MaintManager.API/bin/Debug/net10.0/LatoFont/Lato-MediumItalic.ttf
Procesando: ./MaintManager.API/bin/Debug/net10.0/LatoFont/Lato-Regular.ttf
Procesando: ./MaintManager.API/bin/Debug/net10.0/LatoFont/Lato-SemiBold.ttf
Procesando: ./MaintManager.API/bin/Debug/net10.0/LatoFont/Lato-SemiBoldItalic.ttf
Procesando: ./MaintManager.API/bin/Debug/net10.0/LatoFont/Lato-Thin.ttf
Procesando: ./MaintManager.API/bin/Debug/net10.0/LatoFont/Lato-ThinItalic.ttf
Procesando: ./MaintManager.API/bin/Debug/net10.0/LatoFont/OFL.txt
Procesando: ./MaintManager.API/bin/Debug/net10.0/MaintManager.API.deps.json
Procesando: ./MaintManager.API/bin/Debug/net10.0/MaintManager.API.dll
Procesando: ./MaintManager.API/bin/Debug/net10.0/MaintManager.API.exe
Procesando: ./MaintManager.API/bin/Debug/net10.0/MaintManager.API.pdb
Procesando: ./MaintManager.API/bin/Debug/net10.0/MaintManager.API.runtimeconfig.json
Procesando: ./MaintManager.API/bin/Debug/net10.0/MaintManager.API.staticwebassets.endpoints.json
Procesando: ./MaintManager.API/bin/Debug/net10.0/MaintManager.Application.dll
Procesando: ./MaintManager.API/bin/Debug/net10.0/MaintManager.Application.pdb
Procesando: ./MaintManager.API/bin/Debug/net10.0/MaintManager.Domain.dll
Procesando: ./MaintManager.API/bin/Debug/net10.0/MaintManager.Domain.pdb
Procesando: ./MaintManager.API/bin/Debug/net10.0/MaintManager.Infrastructure.dll
Procesando: ./MaintManager.API/bin/Debug/net10.0/MaintManager.Infrastructure.pdb
Procesando: ./MaintManager.API/bin/Debug/net10.0/MaintManager.Shared.dll
Procesando: ./MaintManager.API/bin/Debug/net10.0/MaintManager.Shared.pdb
Procesando: ./MaintManager.API/bin/Debug/net10.0/Microsoft.AspNetCore.Authentication.JwtBearer.dll
Procesando: ./MaintManager.API/bin/Debug/net10.0/Microsoft.EntityFrameworkCore.Abstractions.dll
Procesando: ./MaintManager.API/bin/Debug/net10.0/Microsoft.EntityFrameworkCore.Relational.dll
Procesando: ./MaintManager.API/bin/Debug/net10.0/Microsoft.EntityFrameworkCore.dll
Procesando: ./MaintManager.API/bin/Debug/net10.0/Microsoft.Extensions.DependencyModel.dll
Procesando: ./MaintManager.API/bin/Debug/net10.0/Microsoft.IdentityModel.Abstractions.dll
Procesando: ./MaintManager.API/bin/Debug/net10.0/Microsoft.IdentityModel.JsonWebTokens.dll
Procesando: ./MaintManager.API/bin/Debug/net10.0/Microsoft.IdentityModel.Logging.dll
Procesando: ./MaintManager.API/bin/Debug/net10.0/Microsoft.IdentityModel.Protocols.OpenIdConnect.dll
Procesando: ./MaintManager.API/bin/Debug/net10.0/Microsoft.IdentityModel.Protocols.dll
Procesando: ./MaintManager.API/bin/Debug/net10.0/Microsoft.IdentityModel.Tokens.dll
Procesando: ./MaintManager.API/bin/Debug/net10.0/Microsoft.OpenApi.dll
Procesando: ./MaintManager.API/bin/Debug/net10.0/Npgsql.EntityFrameworkCore.PostgreSQL.dll
Procesando: ./MaintManager.API/bin/Debug/net10.0/Npgsql.dll
Procesando: ./MaintManager.API/bin/Debug/net10.0/QuestPDF.dll
Procesando: ./MaintManager.API/bin/Debug/net10.0/RBush.dll
Procesando: ./MaintManager.API/bin/Debug/net10.0/Serilog.AspNetCore.dll
Procesando: ./MaintManager.API/bin/Debug/net10.0/Serilog.Extensions.Hosting.dll
Procesando: ./MaintManager.API/bin/Debug/net10.0/Serilog.Extensions.Logging.dll
Procesando: ./MaintManager.API/bin/Debug/net10.0/Serilog.Formatting.Compact.dll
Procesando: ./MaintManager.API/bin/Debug/net10.0/Serilog.Settings.Configuration.dll
Procesando: ./MaintManager.API/bin/Debug/net10.0/Serilog.Sinks.Console.dll
Procesando: ./MaintManager.API/bin/Debug/net10.0/Serilog.Sinks.Debug.dll
Procesando: ./MaintManager.API/bin/Debug/net10.0/Serilog.Sinks.File.dll
Procesando: ./MaintManager.API/bin/Debug/net10.0/Serilog.dll
Procesando: ./MaintManager.API/bin/Debug/net10.0/SixLabors.Fonts.dll
Procesando: ./MaintManager.API/bin/Debug/net10.0/Swashbuckle.AspNetCore.Swagger.dll
Procesando: ./MaintManager.API/bin/Debug/net10.0/Swashbuckle.AspNetCore.SwaggerGen.dll
Procesando: ./MaintManager.API/bin/Debug/net10.0/Swashbuckle.AspNetCore.SwaggerUI.dll
Procesando: ./MaintManager.API/bin/Debug/net10.0/System.IO.Packaging.dll
Procesando: ./MaintManager.API/bin/Debug/net10.0/System.IdentityModel.Tokens.Jwt.dll
Procesando: ./MaintManager.API/bin/Debug/net10.0/appsettings.Development.json
Procesando: ./MaintManager.API/bin/Debug/net10.0/appsettings.json
Procesando: ./MaintManager.API/bin/Debug/net10.0/runtimes/linux-arm64/native/libQuestPdfSkia.so
Procesando: ./MaintManager.API/bin/Debug/net10.0/runtimes/linux-arm64/native/libcrypto.so
Procesando: ./MaintManager.API/bin/Debug/net10.0/runtimes/linux-arm64/native/libjpeg.so.8
Procesando: ./MaintManager.API/bin/Debug/net10.0/runtimes/linux-arm64/native/libqpdf.so
Procesando: ./MaintManager.API/bin/Debug/net10.0/runtimes/linux-musl-x64/native/libQuestPdfSkia.so
Procesando: ./MaintManager.API/bin/Debug/net10.0/runtimes/linux-musl-x64/native/libcrypto.so
Procesando: ./MaintManager.API/bin/Debug/net10.0/runtimes/linux-musl-x64/native/libjpeg.so.8
Procesando: ./MaintManager.API/bin/Debug/net10.0/runtimes/linux-musl-x64/native/libqpdf.so
Procesando: ./MaintManager.API/bin/Debug/net10.0/runtimes/linux-x64/native/libQuestPdfSkia.so
Procesando: ./MaintManager.API/bin/Debug/net10.0/runtimes/linux-x64/native/libcrypto.so
Procesando: ./MaintManager.API/bin/Debug/net10.0/runtimes/linux-x64/native/libjpeg.so.8
Procesando: ./MaintManager.API/bin/Debug/net10.0/runtimes/linux-x64/native/libqpdf.so
Procesando: ./MaintManager.API/bin/Debug/net10.0/runtimes/osx-arm64/native/libQuestPdfSkia.dylib
Procesando: ./MaintManager.API/bin/Debug/net10.0/runtimes/osx-arm64/native/libcrypto.dylib
Procesando: ./MaintManager.API/bin/Debug/net10.0/runtimes/osx-arm64/native/libjpeg.dylib
Procesando: ./MaintManager.API/bin/Debug/net10.0/runtimes/osx-arm64/native/libqpdf.dylib
Procesando: ./MaintManager.API/bin/Debug/net10.0/runtimes/osx-x64/native/libQuestPdfSkia.dylib
Procesando: ./MaintManager.API/bin/Debug/net10.0/runtimes/osx-x64/native/libcrypto.dylib
Procesando: ./MaintManager.API/bin/Debug/net10.0/runtimes/osx-x64/native/libjpeg.dylib
Procesando: ./MaintManager.API/bin/Debug/net10.0/runtimes/osx-x64/native/libqpdf.dylib
Procesando: ./MaintManager.API/bin/Debug/net10.0/runtimes/win-x64/native/QuestPdfSkia.dll
Procesando: ./MaintManager.API/bin/Debug/net10.0/runtimes/win-x64/native/libgcc_s_seh-1.dll
Procesando: ./MaintManager.API/bin/Debug/net10.0/runtimes/win-x64/native/libstdc++-6.dll
Procesando: ./MaintManager.API/bin/Debug/net10.0/runtimes/win-x64/native/libwinpthread-1.dll
Procesando: ./MaintManager.API/bin/Debug/net10.0/runtimes/win-x64/native/qpdf.dll
Procesando: ./MaintManager.API/bin/Debug/net10.0/runtimes/win-x86/native/QuestPdfSkia.dll
Procesando: ./MaintManager.API/bin/Debug/net10.0/runtimes/win-x86/native/libgcc_s_dw2-1.dll
Procesando: ./MaintManager.API/bin/Debug/net10.0/runtimes/win-x86/native/libstdc++-6.dll
Procesando: ./MaintManager.API/bin/Debug/net10.0/runtimes/win-x86/native/libwinpthread-1.dll
Procesando: ./MaintManager.API/bin/Debug/net10.0/runtimes/win-x86/native/qpdf.dll
Procesando: ./MaintManager.API/obj/Debug/net10.0/.NETCoreApp,Version=v10.0.AssemblyAttributes.cs
Procesando: ./MaintManager.API/obj/Debug/net10.0/MaintMan.E6AED6DD.Up2Date
Procesando: ./MaintManager.API/obj/Debug/net10.0/MaintManager.API.AssemblyInfo.cs
Procesando: ./MaintManager.API/obj/Debug/net10.0/MaintManager.API.AssemblyInfoInputs.cache
Procesando: ./MaintManager.API/obj/Debug/net10.0/MaintManager.API.GeneratedMSBuildEditorConfig.editorconfig
Procesando: ./MaintManager.API/obj/Debug/net10.0/MaintManager.API.GlobalUsings.g.cs
Procesando: ./MaintManager.API/obj/Debug/net10.0/MaintManager.API.MvcApplicationPartsAssemblyInfo.cache
Procesando: ./MaintManager.API/obj/Debug/net10.0/MaintManager.API.MvcApplicationPartsAssemblyInfo.cs
Procesando: ./MaintManager.API/obj/Debug/net10.0/MaintManager.API.assets.cache
Procesando: ./MaintManager.API/obj/Debug/net10.0/MaintManager.API.csproj.AssemblyReference.cache
Procesando: ./MaintManager.API/obj/Debug/net10.0/MaintManager.API.csproj.CoreCompileInputs.cache
Procesando: ./MaintManager.API/obj/Debug/net10.0/MaintManager.API.csproj.FileListAbsolute.txt
Procesando: ./MaintManager.API/obj/Debug/net10.0/MaintManager.API.dll
Procesando: ./MaintManager.API/obj/Debug/net10.0/MaintManager.API.genruntimeconfig.cache
Procesando: ./MaintManager.API/obj/Debug/net10.0/MaintManager.API.pdb
Procesando: ./MaintManager.API/obj/Debug/net10.0/MaintManager.API.sourcelink.json
Procesando: ./MaintManager.API/obj/Debug/net10.0/apphost.exe
Procesando: ./MaintManager.API/obj/Debug/net10.0/ref/MaintManager.API.dll
Procesando: ./MaintManager.API/obj/Debug/net10.0/refint/MaintManager.API.dll
Procesando: ./MaintManager.API/obj/Debug/net10.0/rjsmcshtml.dswa.cache.json
Procesando: ./MaintManager.API/obj/Debug/net10.0/rjsmrazor.dswa.cache.json
Procesando: ./MaintManager.API/obj/Debug/net10.0/rpswa.dswa.cache.json
Procesando: ./MaintManager.API/obj/Debug/net10.0/staticwebassets.build.endpoints.json
Procesando: ./MaintManager.API/obj/Debug/net10.0/staticwebassets.build.json
Procesando: ./MaintManager.API/obj/Debug/net10.0/staticwebassets.build.json.cache
Procesando: ./MaintManager.API/obj/Debug/net10.0/swae.build.ex.cache
Procesando: ./MaintManager.API/obj/MaintManager.API.csproj.nuget.dgspec.json
Procesando: ./MaintManager.API/obj/MaintManager.API.csproj.nuget.g.props
Procesando: ./MaintManager.API/obj/MaintManager.API.csproj.nuget.g.targets
Procesando: ./MaintManager.API/obj/project.assets.json
Procesando: ./MaintManager.API/obj/project.nuget.cache
Procesando: ./MaintManager.Application/DTOs/Auth/LoginRequest.cs
Procesando: ./MaintManager.Application/DTOs/Auth/LoginResponse.cs
Procesando: ./MaintManager.Application/DTOs/Common/ApiResponse.cs
Procesando: ./MaintManager.Application/DTOs/Common/PagedRequest.cs
Procesando: ./MaintManager.Application/DTOs/Common/PagedResponse.cs
Procesando: ./MaintManager.Application/DTOs/Inventory/LotCreateRequest.cs
Procesando: ./MaintManager.Application/DTOs/Inventory/LotDiscardRequest.cs
Procesando: ./MaintManager.Application/DTOs/Inventory/LotResponse.cs
Procesando: ./MaintManager.Application/DTOs/Inventory/MaterialCreateRequest.cs
Procesando: ./MaintManager.Application/DTOs/Inventory/MaterialListItem.cs
Procesando: ./MaintManager.Application/DTOs/Inventory/MaterialRatingRequest.cs
Procesando: ./MaintManager.Application/DTOs/Inventory/MaterialResponse.cs
Procesando: ./MaintManager.Application/DTOs/Maintenance/ActionCompleteRequest.cs
Procesando: ./MaintManager.Application/DTOs/Maintenance/ActionDetailResponse.cs
Procesando: ./MaintManager.Application/DTOs/Maintenance/DiagnosisRequest.cs
Procesando: ./MaintManager.Application/DTOs/Maintenance/DiagnosisResponse.cs
Procesando: ./MaintManager.Application/DTOs/Maintenance/MaintenanceCloseRequest.cs
Procesando: ./MaintManager.Application/DTOs/Maintenance/MaintenanceCreateRequest.cs
Procesando: ./MaintManager.Application/DTOs/Maintenance/MaintenanceListItem.cs
Procesando: ./MaintManager.Application/DTOs/Maintenance/MaintenanceResponse.cs
Procesando: ./MaintManager.Application/DTOs/Reports/AlertResponse.cs
Procesando: ./MaintManager.Application/DTOs/Reports/CalendarComplianceResponse.cs
Procesando: ./MaintManager.Application/DTOs/Reports/CostPerKmResponse.cs
Procesando: ./MaintManager.Application/DTOs/Reports/DashboardSummaryResponse.cs
Procesando: ./MaintManager.Application/DTOs/Reports/EmergencyRateResponse.cs
Procesando: ./MaintManager.Application/DTOs/Reports/ExpiringLotResponse.cs
Procesando: ./MaintManager.Application/DTOs/Reports/MonthlyCostResponse.cs
Procesando: ./MaintManager.Application/DTOs/Vehicle/VehicleListItem.cs
Procesando: ./MaintManager.Application/DTOs/Vehicle/VehicleResponse.cs
Procesando: ./MaintManager.Application/MaintManager.Application.csproj
Procesando: ./MaintManager.Application/Mappings/InventoryMappings.cs
Procesando: ./MaintManager.Application/Mappings/MaintenanceMappings.cs
Procesando: ./MaintManager.Application/Mappings/VehicleMappings.cs
Procesando: ./MaintManager.Application/Services/AlertService.cs
Procesando: ./MaintManager.Application/Services/InventoryService.cs
Procesando: ./MaintManager.Application/Services/MaintenanceService.cs
Procesando: ./MaintManager.Application/Services/SchedulingService.cs
Procesando: ./MaintManager.Application/Validators/DiagnosisRequestValidator.cs
Procesando: ./MaintManager.Application/Validators/LoginRequestValidator.cs
Procesando: ./MaintManager.Application/Validators/LotCreateValidator.cs
Procesando: ./MaintManager.Application/Validators/MaintenanceCreateValidator.cs
Procesando: ./MaintManager.Application/Validators/MaterialCreateValidator.cs
Procesando: ./MaintManager.Application/Validators/MaterialRatingValidator.cs
Procesando: ./MaintManager.Application/bin/Debug/net10.0/MaintManager.Application.deps.json
Procesando: ./MaintManager.Application/bin/Debug/net10.0/MaintManager.Application.dll
Procesando: ./MaintManager.Application/bin/Debug/net10.0/MaintManager.Application.pdb
Procesando: ./MaintManager.Application/bin/Debug/net10.0/MaintManager.Domain.dll
Procesando: ./MaintManager.Application/bin/Debug/net10.0/MaintManager.Domain.pdb
Procesando: ./MaintManager.Application/bin/Debug/net10.0/MaintManager.Shared.dll
Procesando: ./MaintManager.Application/bin/Debug/net10.0/MaintManager.Shared.pdb
Procesando: ./MaintManager.Application/obj/Debug/net10.0/.NETCoreApp,Version=v10.0.AssemblyAttributes.cs
Procesando: ./MaintManager.Application/obj/Debug/net10.0/MaintMan.FB192CB7.Up2Date
Procesando: ./MaintManager.Application/obj/Debug/net10.0/MaintManager.Application.AssemblyInfo.cs
Procesando: ./MaintManager.Application/obj/Debug/net10.0/MaintManager.Application.AssemblyInfoInputs.cache
Procesando: ./MaintManager.Application/obj/Debug/net10.0/MaintManager.Application.GeneratedMSBuildEditorConfig.editorconfig
Procesando: ./MaintManager.Application/obj/Debug/net10.0/MaintManager.Application.GlobalUsings.g.cs
Procesando: ./MaintManager.Application/obj/Debug/net10.0/MaintManager.Application.assets.cache
Procesando: ./MaintManager.Application/obj/Debug/net10.0/MaintManager.Application.csproj.AssemblyReference.cache
Procesando: ./MaintManager.Application/obj/Debug/net10.0/MaintManager.Application.csproj.CoreCompileInputs.cache
Procesando: ./MaintManager.Application/obj/Debug/net10.0/MaintManager.Application.csproj.FileListAbsolute.txt
Procesando: ./MaintManager.Application/obj/Debug/net10.0/MaintManager.Application.dll
Procesando: ./MaintManager.Application/obj/Debug/net10.0/MaintManager.Application.pdb
Procesando: ./MaintManager.Application/obj/Debug/net10.0/MaintManager.Application.sourcelink.json
Procesando: ./MaintManager.Application/obj/Debug/net10.0/ref/MaintManager.Application.dll
Procesando: ./MaintManager.Application/obj/Debug/net10.0/refint/MaintManager.Application.dll
Procesando: ./MaintManager.Application/obj/MaintManager.Application.csproj.nuget.dgspec.json
Procesando: ./MaintManager.Application/obj/MaintManager.Application.csproj.nuget.g.props
Procesando: ./MaintManager.Application/obj/MaintManager.Application.csproj.nuget.g.targets
Procesando: ./MaintManager.Application/obj/project.assets.json
Procesando: ./MaintManager.Application/obj/project.nuget.cache
Procesando: ./MaintManager.Domain/Entities/ActionCatalog.cs
Procesando: ./MaintManager.Domain/Entities/ActionListType.cs
Procesando: ./MaintManager.Domain/Entities/AlertConfig.cs
Procesando: ./MaintManager.Domain/Entities/AlertLog.cs
Procesando: ./MaintManager.Domain/Entities/ConfigSystem.cs
Procesando: ./MaintManager.Domain/Entities/Diagnosis.cs
Procesando: ./MaintManager.Domain/Entities/Existing/Agency.cs
Procesando: ./MaintManager.Domain/Entities/Existing/Company.cs
Procesando: ./MaintManager.Domain/Entities/Existing/CompanyWorker.cs
Procesando: ./MaintManager.Domain/Entities/Existing/Job.cs
Procesando: ./MaintManager.Domain/Entities/Existing/Person.cs
Procesando: ./MaintManager.Domain/Entities/Existing/Product.cs
Procesando: ./MaintManager.Domain/Entities/Existing/RentExecute.cs
Procesando: ./MaintManager.Domain/Entities/Existing/RentRequest.cs
Procesando: ./MaintManager.Domain/Entities/Existing/Residence.cs
Procesando: ./MaintManager.Domain/Entities/Existing/Vehicle.cs
Procesando: ./MaintManager.Domain/Entities/Existing/Worker.cs
Procesando: ./MaintManager.Domain/Entities/Existing/Zone.cs
Procesando: ./MaintManager.Domain/Entities/InstalledComponent.cs
Procesando: ./MaintManager.Domain/Entities/Maintenance.cs
Procesando: ./MaintManager.Domain/Entities/MaintenanceActionDetail.cs
Procesando: ./MaintManager.Domain/Entities/MaintenanceType.cs
Procesando: ./MaintManager.Domain/Entities/Material.cs
Procesando: ./MaintManager.Domain/Entities/MaterialCategory.cs
Procesando: ./MaintManager.Domain/Entities/MaterialConsumption.cs
Procesando: ./MaintManager.Domain/Entities/MaterialDiscard.cs
Procesando: ./MaintManager.Domain/Entities/MaterialLot.cs
Procesando: ./MaintManager.Domain/Entities/MaterialRating.cs
Procesando: ./MaintManager.Domain/Entities/ScheduleAction.cs
Procesando: ./MaintManager.Domain/Entities/ServiceType.cs
Procesando: ./MaintManager.Domain/Entities/TechnicianAssignment.cs
Procesando: ./MaintManager.Domain/Entities/VehicleSchedule.cs
Procesando: ./MaintManager.Domain/Interfaces/Repositories/IAlertRepository.cs
Procesando: ./MaintManager.Domain/Interfaces/Repositories/IGenericRepository.cs
Procesando: ./MaintManager.Domain/Interfaces/Repositories/IInventoryRepository.cs
Procesando: ./MaintManager.Domain/Interfaces/Repositories/IMaintenanceRepository.cs
Procesando: ./MaintManager.Domain/Interfaces/Repositories/IVehicleRepository.cs
Procesando: ./MaintManager.Domain/Interfaces/Services/IAlertService.cs
Procesando: ./MaintManager.Domain/Interfaces/Services/IBiReportService.cs
Procesando: ./MaintManager.Domain/Interfaces/Services/IInventoryService.cs
Procesando: ./MaintManager.Domain/Interfaces/Services/IMaintenanceService.cs
Procesando: ./MaintManager.Domain/Interfaces/Services/ISchedulingService.cs
Procesando: ./MaintManager.Domain/MaintManager.Domain.csproj
Procesando: ./MaintManager.Domain/bin/Debug/net10.0/MaintManager.Domain.deps.json
Procesando: ./MaintManager.Domain/bin/Debug/net10.0/MaintManager.Domain.dll
Procesando: ./MaintManager.Domain/bin/Debug/net10.0/MaintManager.Domain.pdb
Procesando: ./MaintManager.Domain/bin/Debug/net10.0/MaintManager.Shared.dll
Procesando: ./MaintManager.Domain/bin/Debug/net10.0/MaintManager.Shared.pdb
Procesando: ./MaintManager.Domain/obj/Debug/net10.0/.NETCoreApp,Version=v10.0.AssemblyAttributes.cs
Procesando: ./MaintManager.Domain/obj/Debug/net10.0/MaintMan.DFA52F06.Up2Date
Procesando: ./MaintManager.Domain/obj/Debug/net10.0/MaintManager.Domain.AssemblyInfo.cs
Procesando: ./MaintManager.Domain/obj/Debug/net10.0/MaintManager.Domain.AssemblyInfoInputs.cache
Procesando: ./MaintManager.Domain/obj/Debug/net10.0/MaintManager.Domain.GeneratedMSBuildEditorConfig.editorconfig
Procesando: ./MaintManager.Domain/obj/Debug/net10.0/MaintManager.Domain.GlobalUsings.g.cs
Procesando: ./MaintManager.Domain/obj/Debug/net10.0/MaintManager.Domain.assets.cache
Procesando: ./MaintManager.Domain/obj/Debug/net10.0/MaintManager.Domain.csproj.AssemblyReference.cache
Procesando: ./MaintManager.Domain/obj/Debug/net10.0/MaintManager.Domain.csproj.CoreCompileInputs.cache
Procesando: ./MaintManager.Domain/obj/Debug/net10.0/MaintManager.Domain.csproj.FileListAbsolute.txt
Procesando: ./MaintManager.Domain/obj/Debug/net10.0/MaintManager.Domain.dll
Procesando: ./MaintManager.Domain/obj/Debug/net10.0/MaintManager.Domain.pdb
Procesando: ./MaintManager.Domain/obj/Debug/net10.0/MaintManager.Domain.sourcelink.json
Procesando: ./MaintManager.Domain/obj/Debug/net10.0/ref/MaintManager.Domain.dll
Procesando: ./MaintManager.Domain/obj/Debug/net10.0/refint/MaintManager.Domain.dll
Procesando: ./MaintManager.Domain/obj/MaintManager.Domain.csproj.nuget.dgspec.json
Procesando: ./MaintManager.Domain/obj/MaintManager.Domain.csproj.nuget.g.props
Procesando: ./MaintManager.Domain/obj/MaintManager.Domain.csproj.nuget.g.targets
Procesando: ./MaintManager.Domain/obj/project.assets.json
Procesando: ./MaintManager.Domain/obj/project.nuget.cache
Procesando: ./MaintManager.Infrastructure/Data/Configurations/ActionCatalogConfiguration.cs
Procesando: ./MaintManager.Infrastructure/Data/Configurations/ActionListTypeConfiguration.cs
Procesando: ./MaintManager.Infrastructure/Data/Configurations/DiagnosisConfiguration.cs
Procesando: ./MaintManager.Infrastructure/Data/Configurations/ExistingTablesConfiguration.cs
Procesando: ./MaintManager.Infrastructure/Data/Configurations/InventoryConfiguration.cs
Procesando: ./MaintManager.Infrastructure/Data/Configurations/MaintenanceActionDetailConfiguration.cs
Procesando: ./MaintManager.Infrastructure/Data/Configurations/MaintenanceTypeConfiguration.cs
Procesando: ./MaintManager.Infrastructure/Data/Configurations/ScheduleActionConfiguration.cs
Procesando: ./MaintManager.Infrastructure/Data/Configurations/ServiceTypeConfiguration.cs
Procesando: ./MaintManager.Infrastructure/Data/Configurations/VehicleScheduleConfiguration.cs
Procesando: ./MaintManager.Infrastructure/Data/FleetMaintenanceContext.cs
Procesando: ./MaintManager.Infrastructure/MaintManager.Infrastructure.csproj
Procesando: ./MaintManager.Infrastructure/Repositories/AlertRepository.cs
Procesando: ./MaintManager.Infrastructure/Repositories/GenericRepository.cs
Procesando: ./MaintManager.Infrastructure/Repositories/InventoryRepository.cs
Procesando: ./MaintManager.Infrastructure/Repositories/MaintenanceRepository.cs
Procesando: ./MaintManager.Infrastructure/Repositories/VehicleRepository.cs
Procesando: ./MaintManager.Infrastructure/bin/Debug/net10.0/BuildHost-net472/Microsoft.Build.Locator.dll
Procesando: ./MaintManager.Infrastructure/bin/Debug/net10.0/BuildHost-net472/Microsoft.CodeAnalysis.Workspaces.MSBuild.BuildHost.exe
Procesando: ./MaintManager.Infrastructure/bin/Debug/net10.0/BuildHost-net472/Microsoft.CodeAnalysis.Workspaces.MSBuild.BuildHost.exe.config
Procesando: ./MaintManager.Infrastructure/bin/Debug/net10.0/BuildHost-net472/Microsoft.IO.Redist.dll
Procesando: ./MaintManager.Infrastructure/bin/Debug/net10.0/BuildHost-net472/Newtonsoft.Json.dll
Procesando: ./MaintManager.Infrastructure/bin/Debug/net10.0/BuildHost-net472/System.Buffers.dll
Procesando: ./MaintManager.Infrastructure/bin/Debug/net10.0/BuildHost-net472/System.Collections.Immutable.dll
Procesando: ./MaintManager.Infrastructure/bin/Debug/net10.0/BuildHost-net472/System.CommandLine.dll
Procesando: ./MaintManager.Infrastructure/bin/Debug/net10.0/BuildHost-net472/System.Memory.dll
Procesando: ./MaintManager.Infrastructure/bin/Debug/net10.0/BuildHost-net472/System.Numerics.Vectors.dll
Procesando: ./MaintManager.Infrastructure/bin/Debug/net10.0/BuildHost-net472/System.Runtime.CompilerServices.Unsafe.dll
Procesando: ./MaintManager.Infrastructure/bin/Debug/net10.0/BuildHost-net472/System.Threading.Tasks.Extensions.dll
Procesando: ./MaintManager.Infrastructure/bin/Debug/net10.0/BuildHost-net472/cs/System.CommandLine.resources.dll
Procesando: ./MaintManager.Infrastructure/bin/Debug/net10.0/BuildHost-net472/de/System.CommandLine.resources.dll
Procesando: ./MaintManager.Infrastructure/bin/Debug/net10.0/BuildHost-net472/es/System.CommandLine.resources.dll
Procesando: ./MaintManager.Infrastructure/bin/Debug/net10.0/BuildHost-net472/fr/System.CommandLine.resources.dll
Procesando: ./MaintManager.Infrastructure/bin/Debug/net10.0/BuildHost-net472/it/System.CommandLine.resources.dll
Procesando: ./MaintManager.Infrastructure/bin/Debug/net10.0/BuildHost-net472/ja/System.CommandLine.resources.dll
Procesando: ./MaintManager.Infrastructure/bin/Debug/net10.0/BuildHost-net472/ko/System.CommandLine.resources.dll
Procesando: ./MaintManager.Infrastructure/bin/Debug/net10.0/BuildHost-net472/pl/System.CommandLine.resources.dll
Procesando: ./MaintManager.Infrastructure/bin/Debug/net10.0/BuildHost-net472/pt-BR/System.CommandLine.resources.dll
Procesando: ./MaintManager.Infrastructure/bin/Debug/net10.0/BuildHost-net472/ru/System.CommandLine.resources.dll
Procesando: ./MaintManager.Infrastructure/bin/Debug/net10.0/BuildHost-net472/tr/System.CommandLine.resources.dll
Procesando: ./MaintManager.Infrastructure/bin/Debug/net10.0/BuildHost-net472/zh-Hans/System.CommandLine.resources.dll
Procesando: ./MaintManager.Infrastructure/bin/Debug/net10.0/BuildHost-net472/zh-Hant/System.CommandLine.resources.dll
Procesando: ./MaintManager.Infrastructure/bin/Debug/net10.0/BuildHost-netcore/Microsoft.Build.Locator.dll
Procesando: ./MaintManager.Infrastructure/bin/Debug/net10.0/BuildHost-netcore/Microsoft.CodeAnalysis.Workspaces.MSBuild.BuildHost.deps.json
Procesando: ./MaintManager.Infrastructure/bin/Debug/net10.0/BuildHost-netcore/Microsoft.CodeAnalysis.Workspaces.MSBuild.BuildHost.dll
Procesando: ./MaintManager.Infrastructure/bin/Debug/net10.0/BuildHost-netcore/Microsoft.CodeAnalysis.Workspaces.MSBuild.BuildHost.dll.config
Procesando: ./MaintManager.Infrastructure/bin/Debug/net10.0/BuildHost-netcore/Microsoft.CodeAnalysis.Workspaces.MSBuild.BuildHost.runtimeconfig.json
Procesando: ./MaintManager.Infrastructure/bin/Debug/net10.0/BuildHost-netcore/Newtonsoft.Json.dll
Procesando: ./MaintManager.Infrastructure/bin/Debug/net10.0/BuildHost-netcore/System.Collections.Immutable.dll
Procesando: ./MaintManager.Infrastructure/bin/Debug/net10.0/BuildHost-netcore/System.CommandLine.dll
Procesando: ./MaintManager.Infrastructure/bin/Debug/net10.0/BuildHost-netcore/cs/System.CommandLine.resources.dll
Procesando: ./MaintManager.Infrastructure/bin/Debug/net10.0/BuildHost-netcore/de/System.CommandLine.resources.dll
Procesando: ./MaintManager.Infrastructure/bin/Debug/net10.0/BuildHost-netcore/es/System.CommandLine.resources.dll
Procesando: ./MaintManager.Infrastructure/bin/Debug/net10.0/BuildHost-netcore/fr/System.CommandLine.resources.dll
Procesando: ./MaintManager.Infrastructure/bin/Debug/net10.0/BuildHost-netcore/it/System.CommandLine.resources.dll
Procesando: ./MaintManager.Infrastructure/bin/Debug/net10.0/BuildHost-netcore/ja/System.CommandLine.resources.dll
Procesando: ./MaintManager.Infrastructure/bin/Debug/net10.0/BuildHost-netcore/ko/System.CommandLine.resources.dll
Procesando: ./MaintManager.Infrastructure/bin/Debug/net10.0/BuildHost-netcore/pl/System.CommandLine.resources.dll
Procesando: ./MaintManager.Infrastructure/bin/Debug/net10.0/BuildHost-netcore/pt-BR/System.CommandLine.resources.dll
Procesando: ./MaintManager.Infrastructure/bin/Debug/net10.0/BuildHost-netcore/ru/System.CommandLine.resources.dll
Procesando: ./MaintManager.Infrastructure/bin/Debug/net10.0/BuildHost-netcore/tr/System.CommandLine.resources.dll
Procesando: ./MaintManager.Infrastructure/bin/Debug/net10.0/BuildHost-netcore/zh-Hans/System.CommandLine.resources.dll
Procesando: ./MaintManager.Infrastructure/bin/Debug/net10.0/BuildHost-netcore/zh-Hant/System.CommandLine.resources.dll
Procesando: ./MaintManager.Infrastructure/bin/Debug/net10.0/MaintManager.Application.dll
Procesando: ./MaintManager.Infrastructure/bin/Debug/net10.0/MaintManager.Application.pdb
Procesando: ./MaintManager.Infrastructure/bin/Debug/net10.0/MaintManager.Domain.dll
Procesando: ./MaintManager.Infrastructure/bin/Debug/net10.0/MaintManager.Domain.pdb
Procesando: ./MaintManager.Infrastructure/bin/Debug/net10.0/MaintManager.Infrastructure.deps.json
Procesando: ./MaintManager.Infrastructure/bin/Debug/net10.0/MaintManager.Infrastructure.dll
Procesando: ./MaintManager.Infrastructure/bin/Debug/net10.0/MaintManager.Infrastructure.pdb
Procesando: ./MaintManager.Infrastructure/bin/Debug/net10.0/MaintManager.Infrastructure.runtimeconfig.json
Procesando: ./MaintManager.Infrastructure/bin/Debug/net10.0/MaintManager.Shared.dll
Procesando: ./MaintManager.Infrastructure/bin/Debug/net10.0/MaintManager.Shared.pdb
Procesando: ./MaintManager.Infrastructure/obj/Debug/net10.0/.NETCoreApp,Version=v10.0.AssemblyAttributes.cs
Procesando: ./MaintManager.Infrastructure/obj/Debug/net10.0/MaintMan.CB4DEAD9.Up2Date
Procesando: ./MaintManager.Infrastructure/obj/Debug/net10.0/MaintManager.Infrastructure.AssemblyInfo.cs
Procesando: ./MaintManager.Infrastructure/obj/Debug/net10.0/MaintManager.Infrastructure.AssemblyInfoInputs.cache
Procesando: ./MaintManager.Infrastructure/obj/Debug/net10.0/MaintManager.Infrastructure.GeneratedMSBuildEditorConfig.editorconfig
Procesando: ./MaintManager.Infrastructure/obj/Debug/net10.0/MaintManager.Infrastructure.GlobalUsings.g.cs
Procesando: ./MaintManager.Infrastructure/obj/Debug/net10.0/MaintManager.Infrastructure.assets.cache
Procesando: ./MaintManager.Infrastructure/obj/Debug/net10.0/MaintManager.Infrastructure.csproj.AssemblyReference.cache
Procesando: ./MaintManager.Infrastructure/obj/Debug/net10.0/MaintManager.Infrastructure.csproj.CoreCompileInputs.cache
Procesando: ./MaintManager.Infrastructure/obj/Debug/net10.0/MaintManager.Infrastructure.csproj.FileListAbsolute.txt
Procesando: ./MaintManager.Infrastructure/obj/Debug/net10.0/MaintManager.Infrastructure.dll
Procesando: ./MaintManager.Infrastructure/obj/Debug/net10.0/MaintManager.Infrastructure.genruntimeconfig.cache
Procesando: ./MaintManager.Infrastructure/obj/Debug/net10.0/MaintManager.Infrastructure.pdb
Procesando: ./MaintManager.Infrastructure/obj/Debug/net10.0/MaintManager.Infrastructure.sourcelink.json
Procesando: ./MaintManager.Infrastructure/obj/Debug/net10.0/ref/MaintManager.Infrastructure.dll
Procesando: ./MaintManager.Infrastructure/obj/Debug/net10.0/refint/MaintManager.Infrastructure.dll
Procesando: ./MaintManager.Infrastructure/obj/MaintManager.Infrastructure.csproj.nuget.dgspec.json
Procesando: ./MaintManager.Infrastructure/obj/MaintManager.Infrastructure.csproj.nuget.g.props
Procesando: ./MaintManager.Infrastructure/obj/MaintManager.Infrastructure.csproj.nuget.g.targets
Procesando: ./MaintManager.Infrastructure/obj/project.assets.json
Procesando: ./MaintManager.Infrastructure/obj/project.nuget.cache
Procesando: ./MaintManager.MAUI/App.xaml
Procesando: ./MaintManager.MAUI/App.xaml.cs
Procesando: ./MaintManager.MAUI/AppShell.xaml
Procesando: ./MaintManager.MAUI/AppShell.xaml.cs
Procesando: ./MaintManager.MAUI/Controls/StateView.xaml
Procesando: ./MaintManager.MAUI/Controls/StateView.xaml.cs
Procesando: ./MaintManager.MAUI/Converters/AllConverters.cs
Procesando: ./MaintManager.MAUI/MainPage.xaml
Procesando: ./MaintManager.MAUI/MainPage.xaml.cs
Procesando: ./MaintManager.MAUI/MaintManager.MAUI.csproj
Procesando: ./MaintManager.MAUI/MauiProgram.cs
Procesando: ./MaintManager.MAUI/Platforms/Android/AndroidManifest.xml
Procesando: ./MaintManager.MAUI/Platforms/Android/MainActivity.cs
Procesando: ./MaintManager.MAUI/Platforms/Android/MainApplication.cs
Procesando: ./MaintManager.MAUI/Platforms/Android/Resources/values/colors.xml
Procesando: ./MaintManager.MAUI/Platforms/MacCatalyst/AppDelegate.cs
Procesando: ./MaintManager.MAUI/Platforms/MacCatalyst/Entitlements.plist
Procesando: ./MaintManager.MAUI/Platforms/MacCatalyst/Info.plist
Procesando: ./MaintManager.MAUI/Platforms/MacCatalyst/Program.cs
Procesando: ./MaintManager.MAUI/Platforms/Windows/App.xaml
Procesando: ./MaintManager.MAUI/Platforms/Windows/App.xaml.cs
Procesando: ./MaintManager.MAUI/Platforms/Windows/Package.appxmanifest
Procesando: ./MaintManager.MAUI/Platforms/Windows/app.manifest
Procesando: ./MaintManager.MAUI/Platforms/iOS/AppDelegate.cs
Procesando: ./MaintManager.MAUI/Platforms/iOS/Info.plist
Procesando: ./MaintManager.MAUI/Platforms/iOS/Program.cs
Procesando: ./MaintManager.MAUI/Platforms/iOS/Resources/PrivacyInfo.xcprivacy
Procesando: ./MaintManager.MAUI/Properties/launchSettings.json
Procesando: ./MaintManager.MAUI/Resources/AppIcon/appicon.svg
Procesando: ./MaintManager.MAUI/Resources/AppIcon/appiconfg.svg
Procesando: ./MaintManager.MAUI/Resources/Colors.xaml
Procesando: ./MaintManager.MAUI/Resources/Fonts/OpenSans-Regular.ttf
Procesando: ./MaintManager.MAUI/Resources/Fonts/OpenSans-Semibold.ttf
Procesando: ./MaintManager.MAUI/Resources/Images/dotnet_bot.png
Procesando: ./MaintManager.MAUI/Resources/Raw/AboutAssets.txt
Procesando: ./MaintManager.MAUI/Resources/Splash/splash.svg
Procesando: ./MaintManager.MAUI/Resources/Styles.xaml
Procesando: ./MaintManager.MAUI/Resources/Styles/Colors.xaml
Procesando: ./MaintManager.MAUI/Resources/Styles/Styles.xaml
Procesando: ./MaintManager.MAUI/Services/ApiService.cs
Procesando: ./MaintManager.MAUI/Services/AuthService.cs
Procesando: ./MaintManager.MAUI/ViewModels/Alerts/AlertListViewModel.cs
Procesando: ./MaintManager.MAUI/ViewModels/Auth/LoginViewModel.cs
Procesando: ./MaintManager.MAUI/ViewModels/BaseViewModel.cs
Procesando: ./MaintManager.MAUI/ViewModels/Inventory/InventoryListViewModel.cs
Procesando: ./MaintManager.MAUI/ViewModels/Inventory/LotCreateViewModel.cs
Procesando: ./MaintManager.MAUI/Views/Alerts/AlertListPage.xaml
Procesando: ./MaintManager.MAUI/Views/Alerts/AlertListPage.xaml.cs
Procesando: ./MaintManager.MAUI/Views/Auth/LoginPage.xaml
Procesando: ./MaintManager.MAUI/Views/Auth/LoginPage.xaml.cs
Procesando: ./MaintManager.MAUI/Views/Inventory/InventoryListPage.xaml
Procesando: ./MaintManager.MAUI/Views/Inventory/InventoryListPage.xaml.cs
Procesando: ./MaintManager.MAUI/Views/Inventory/LotCreatePage.xaml
Procesando: ./MaintManager.MAUI/Views/Inventory/LotCreatePage.xaml.cs
Procesando: ./MaintManager.MAUI/bin/Debug/net10.0-ios/iossimulator-x64/AOTCompileInputs.cache
Procesando: ./MaintManager.MAUI/bin/Debug/net10.0-ios/iossimulator-x64/AOTCompileInputs.cache.uptodate
Procesando: ./MaintManager.MAUI/bin/Debug/net10.0-ios/iossimulator-x64/CodeResources
Procesando: ./MaintManager.MAUI/bin/Debug/net10.0-ios/iossimulator-x64/CommunityToolkit.Maui.Core.dll
Procesando: ./MaintManager.MAUI/bin/Debug/net10.0-ios/iossimulator-x64/CommunityToolkit.Maui.dll
Procesando: ./MaintManager.MAUI/bin/Debug/net10.0-ios/iossimulator-x64/CommunityToolkit.Mvvm.dll
Procesando: ./MaintManager.MAUI/bin/Debug/net10.0-ios/iossimulator-x64/HarfBuzzSharp.dll
Procesando: ./MaintManager.MAUI/bin/Debug/net10.0-ios/iossimulator-x64/Info.plist
Procesando: ./MaintManager.MAUI/bin/Debug/net10.0-ios/iossimulator-x64/LinkerInputs.cache
Procesando: ./MaintManager.MAUI/bin/Debug/net10.0-ios/iossimulator-x64/LinkerInputs.cache.xml
Procesando: ./MaintManager.MAUI/bin/Debug/net10.0-ios/iossimulator-x64/LiveChartsCore.Behaviours.dll
Procesando: ./MaintManager.MAUI/bin/Debug/net10.0-ios/iossimulator-x64/LiveChartsCore.SkiaSharpView.Maui.dll
Procesando: ./MaintManager.MAUI/bin/Debug/net10.0-ios/iossimulator-x64/LiveChartsCore.SkiaSharpView.dll
Procesando: ./MaintManager.MAUI/bin/Debug/net10.0-ios/iossimulator-x64/LiveChartsCore.dll
Procesando: ./MaintManager.MAUI/bin/Debug/net10.0-ios/iossimulator-x64/MaintManager.MAUI.dll
Procesando: ./MaintManager.MAUI/bin/Debug/net10.0-ios/iossimulator-x64/MaintManager.MAUI.pdb
Procesando: ./MaintManager.MAUI/bin/Debug/net10.0-ios/iossimulator-x64/MaintManager.MAUI.runtimeconfig.json
Procesando: ./MaintManager.MAUI/bin/Debug/net10.0-ios/iossimulator-x64/MaintManager.Shared.dll
Procesando: ./MaintManager.MAUI/bin/Debug/net10.0-ios/iossimulator-x64/MaintManager.Shared.pdb
Procesando: ./MaintManager.MAUI/bin/Debug/net10.0-ios/iossimulator-x64/Microsoft.CSharp.dll
Procesando: ./MaintManager.MAUI/bin/Debug/net10.0-ios/iossimulator-x64/Microsoft.Extensions.Configuration.Abstractions.dll
Procesando: ./MaintManager.MAUI/bin/Debug/net10.0-ios/iossimulator-x64/Microsoft.Extensions.Configuration.Binder.dll
Procesando: ./MaintManager.MAUI/bin/Debug/net10.0-ios/iossimulator-x64/Microsoft.Extensions.Configuration.dll
Procesando: ./MaintManager.MAUI/bin/Debug/net10.0-ios/iossimulator-x64/Microsoft.Extensions.DependencyInjection.Abstractions.dll
Procesando: ./MaintManager.MAUI/bin/Debug/net10.0-ios/iossimulator-x64/Microsoft.Extensions.DependencyInjection.dll
Procesando: ./MaintManager.MAUI/bin/Debug/net10.0-ios/iossimulator-x64/Microsoft.Extensions.Diagnostics.Abstractions.dll
Procesando: ./MaintManager.MAUI/bin/Debug/net10.0-ios/iossimulator-x64/Microsoft.Extensions.Diagnostics.dll
Procesando: ./MaintManager.MAUI/bin/Debug/net10.0-ios/iossimulator-x64/Microsoft.Extensions.Http.dll
Procesando: ./MaintManager.MAUI/bin/Debug/net10.0-ios/iossimulator-x64/Microsoft.Extensions.Logging.Abstractions.dll
Procesando: ./MaintManager.MAUI/bin/Debug/net10.0-ios/iossimulator-x64/Microsoft.Extensions.Logging.Debug.dll
Procesando: ./MaintManager.MAUI/bin/Debug/net10.0-ios/iossimulator-x64/Microsoft.Extensions.Logging.dll
Procesando: ./MaintManager.MAUI/bin/Debug/net10.0-ios/iossimulator-x64/Microsoft.Extensions.Options.ConfigurationExtensions.dll
Procesando: ./MaintManager.MAUI/bin/Debug/net10.0-ios/iossimulator-x64/Microsoft.Extensions.Options.dll
Procesando: ./MaintManager.MAUI/bin/Debug/net10.0-ios/iossimulator-x64/Microsoft.Extensions.Primitives.dll
Procesando: ./MaintManager.MAUI/bin/Debug/net10.0-ios/iossimulator-x64/Microsoft.Maui.Controls.Compatibility.dll
Procesando: ./MaintManager.MAUI/bin/Debug/net10.0-ios/iossimulator-x64/Microsoft.Maui.Controls.Xaml.dll
Procesando: ./MaintManager.MAUI/bin/Debug/net10.0-ios/iossimulator-x64/Microsoft.Maui.Controls.dll
Procesando: ./MaintManager.MAUI/bin/Debug/net10.0-ios/iossimulator-x64/Microsoft.Maui.Essentials.dll
Procesando: ./MaintManager.MAUI/bin/Debug/net10.0-ios/iossimulator-x64/Microsoft.Maui.Graphics.dll
Procesando: ./MaintManager.MAUI/bin/Debug/net10.0-ios/iossimulator-x64/Microsoft.Maui.dll
Procesando: ./MaintManager.MAUI/bin/Debug/net10.0-ios/iossimulator-x64/Microsoft.VisualBasic.Core.dll
Procesando: ./MaintManager.MAUI/bin/Debug/net10.0-ios/iossimulator-x64/Microsoft.VisualBasic.dll
Procesando: ./MaintManager.MAUI/bin/Debug/net10.0-ios/iossimulator-x64/Microsoft.Win32.Primitives.dll
Procesando: ./MaintManager.MAUI/bin/Debug/net10.0-ios/iossimulator-x64/Microsoft.Win32.Registry.dll
Procesando: ./MaintManager.MAUI/bin/Debug/net10.0-ios/iossimulator-x64/Microsoft.iOS.dll
Procesando: ./MaintManager.MAUI/bin/Debug/net10.0-ios/iossimulator-x64/Microsoft.iOS.registrar.a
Procesando: ./MaintManager.MAUI/bin/Debug/net10.0-ios/iossimulator-x64/SkiaSharp.HarfBuzz.dll
Procesando: ./MaintManager.MAUI/bin/Debug/net10.0-ios/iossimulator-x64/SkiaSharp.Views.Maui.Controls.dll
Procesando: ./MaintManager.MAUI/bin/Debug/net10.0-ios/iossimulator-x64/SkiaSharp.Views.Maui.Core.dll
Procesando: ./MaintManager.MAUI/bin/Debug/net10.0-ios/iossimulator-x64/SkiaSharp.Views.iOS.dll
Procesando: ./MaintManager.MAUI/bin/Debug/net10.0-ios/iossimulator-x64/SkiaSharp.dll
Procesando: ./MaintManager.MAUI/bin/Debug/net10.0-ios/iossimulator-x64/System.AppContext.dll
Procesando: ./MaintManager.MAUI/bin/Debug/net10.0-ios/iossimulator-x64/System.Buffers.dll
Procesando: ./MaintManager.MAUI/bin/Debug/net10.0-ios/iossimulator-x64/System.Collections.Concurrent.dll
Procesando: ./MaintManager.MAUI/bin/Debug/net10.0-ios/iossimulator-x64/System.Collections.Immutable.dll
Procesando: ./MaintManager.MAUI/bin/Debug/net10.0-ios/iossimulator-x64/System.Collections.NonGeneric.dll
Procesando: ./MaintManager.MAUI/bin/Debug/net10.0-ios/iossimulator-x64/System.Collections.Specialized.dll
Procesando: ./MaintManager.MAUI/bin/Debug/net10.0-ios/iossimulator-x64/System.Collections.dll
Procesando: ./MaintManager.MAUI/bin/Debug/net10.0-ios/iossimulator-x64/System.ComponentModel.Annotations.dll
Procesando: ./MaintManager.MAUI/bin/Debug/net10.0-ios/iossimulator-x64/System.ComponentModel.DataAnnotations.dll
Procesando: ./MaintManager.MAUI/bin/Debug/net10.0-ios/iossimulator-x64/System.ComponentModel.EventBasedAsync.dll
Procesando: ./MaintManager.MAUI/bin/Debug/net10.0-ios/iossimulator-x64/System.ComponentModel.Primitives.dll
Procesando: ./MaintManager.MAUI/bin/Debug/net10.0-ios/iossimulator-x64/System.ComponentModel.TypeConverter.dll
Procesando: ./MaintManager.MAUI/bin/Debug/net10.0-ios/iossimulator-x64/System.ComponentModel.dll
Procesando: ./MaintManager.MAUI/bin/Debug/net10.0-ios/iossimulator-x64/System.Configuration.dll
Procesando: ./MaintManager.MAUI/bin/Debug/net10.0-ios/iossimulator-x64/System.Console.dll
Procesando: ./MaintManager.MAUI/bin/Debug/net10.0-ios/iossimulator-x64/System.Core.dll
Procesando: ./MaintManager.MAUI/bin/Debug/net10.0-ios/iossimulator-x64/System.Data.Common.dll
Procesando: ./MaintManager.MAUI/bin/Debug/net10.0-ios/iossimulator-x64/System.Data.DataSetExtensions.dll
Procesando: ./MaintManager.MAUI/bin/Debug/net10.0-ios/iossimulator-x64/System.Data.dll
Procesando: ./MaintManager.MAUI/bin/Debug/net10.0-ios/iossimulator-x64/System.Diagnostics.Contracts.dll
Procesando: ./MaintManager.MAUI/bin/Debug/net10.0-ios/iossimulator-x64/System.Diagnostics.Debug.dll
Procesando: ./MaintManager.MAUI/bin/Debug/net10.0-ios/iossimulator-x64/System.Diagnostics.DiagnosticSource.dll
Procesando: ./MaintManager.MAUI/bin/Debug/net10.0-ios/iossimulator-x64/System.Diagnostics.FileVersionInfo.dll
Procesando: ./MaintManager.MAUI/bin/Debug/net10.0-ios/iossimulator-x64/System.Diagnostics.Process.dll
Procesando: ./MaintManager.MAUI/bin/Debug/net10.0-ios/iossimulator-x64/System.Diagnostics.StackTrace.dll
Procesando: ./MaintManager.MAUI/bin/Debug/net10.0-ios/iossimulator-x64/System.Diagnostics.TextWriterTraceListener.dll
Procesando: ./MaintManager.MAUI/bin/Debug/net10.0-ios/iossimulator-x64/System.Diagnostics.Tools.dll
Procesando: ./MaintManager.MAUI/bin/Debug/net10.0-ios/iossimulator-x64/System.Diagnostics.TraceSource.dll
Procesando: ./MaintManager.MAUI/bin/Debug/net10.0-ios/iossimulator-x64/System.Diagnostics.Tracing.dll
Procesando: ./MaintManager.MAUI/bin/Debug/net10.0-ios/iossimulator-x64/System.Drawing.Primitives.dll
Procesando: ./MaintManager.MAUI/bin/Debug/net10.0-ios/iossimulator-x64/System.Drawing.dll
Procesando: ./MaintManager.MAUI/bin/Debug/net10.0-ios/iossimulator-x64/System.Dynamic.Runtime.dll
Procesando: ./MaintManager.MAUI/bin/Debug/net10.0-ios/iossimulator-x64/System.Formats.Asn1.dll
Procesando: ./MaintManager.MAUI/bin/Debug/net10.0-ios/iossimulator-x64/System.Formats.Tar.dll
Procesando: ./MaintManager.MAUI/bin/Debug/net10.0-ios/iossimulator-x64/System.Globalization.Calendars.dll
Procesando: ./MaintManager.MAUI/bin/Debug/net10.0-ios/iossimulator-x64/System.Globalization.Extensions.dll
Procesando: ./MaintManager.MAUI/bin/Debug/net10.0-ios/iossimulator-x64/System.Globalization.dll
Procesando: ./MaintManager.MAUI/bin/Debug/net10.0-ios/iossimulator-x64/System.IO.Compression.Brotli.dll
Procesando: ./MaintManager.MAUI/bin/Debug/net10.0-ios/iossimulator-x64/System.IO.Compression.FileSystem.dll
Procesando: ./MaintManager.MAUI/bin/Debug/net10.0-ios/iossimulator-x64/System.IO.Compression.ZipFile.dll
Procesando: ./MaintManager.MAUI/bin/Debug/net10.0-ios/iossimulator-x64/System.IO.Compression.dll
Procesando: ./MaintManager.MAUI/bin/Debug/net10.0-ios/iossimulator-x64/System.IO.FileSystem.AccessControl.dll
Procesando: ./MaintManager.MAUI/bin/Debug/net10.0-ios/iossimulator-x64/System.IO.FileSystem.DriveInfo.dll
Procesando: ./MaintManager.MAUI/bin/Debug/net10.0-ios/iossimulator-x64/System.IO.FileSystem.Primitives.dll
Procesando: ./MaintManager.MAUI/bin/Debug/net10.0-ios/iossimulator-x64/System.IO.FileSystem.Watcher.dll
Procesando: ./MaintManager.MAUI/bin/Debug/net10.0-ios/iossimulator-x64/System.IO.FileSystem.dll
Procesando: ./MaintManager.MAUI/bin/Debug/net10.0-ios/iossimulator-x64/System.IO.IsolatedStorage.dll
Procesando: ./MaintManager.MAUI/bin/Debug/net10.0-ios/iossimulator-x64/System.IO.MemoryMappedFiles.dll
Procesando: ./MaintManager.MAUI/bin/Debug/net10.0-ios/iossimulator-x64/System.IO.Pipelines.dll
Procesando: ./MaintManager.MAUI/bin/Debug/net10.0-ios/iossimulator-x64/System.IO.Pipes.AccessControl.dll
Procesando: ./MaintManager.MAUI/bin/Debug/net10.0-ios/iossimulator-x64/System.IO.Pipes.dll
Procesando: ./MaintManager.MAUI/bin/Debug/net10.0-ios/iossimulator-x64/System.IO.UnmanagedMemoryStream.dll
Procesando: ./MaintManager.MAUI/bin/Debug/net10.0-ios/iossimulator-x64/System.IO.dll
Procesando: ./MaintManager.MAUI/bin/Debug/net10.0-ios/iossimulator-x64/System.Linq.AsyncEnumerable.dll
Procesando: ./MaintManager.MAUI/bin/Debug/net10.0-ios/iossimulator-x64/System.Linq.Expressions.dll
Procesando: ./MaintManager.MAUI/bin/Debug/net10.0-ios/iossimulator-x64/System.Linq.Parallel.dll
Procesando: ./MaintManager.MAUI/bin/Debug/net10.0-ios/iossimulator-x64/System.Linq.Queryable.dll
Procesando: ./MaintManager.MAUI/bin/Debug/net10.0-ios/iossimulator-x64/System.Linq.dll
Procesando: ./MaintManager.MAUI/bin/Debug/net10.0-ios/iossimulator-x64/System.Memory.dll
Procesando: ./MaintManager.MAUI/bin/Debug/net10.0-ios/iossimulator-x64/System.Net.Http.Json.dll
Procesando: ./MaintManager.MAUI/bin/Debug/net10.0-ios/iossimulator-x64/System.Net.Http.dll
Procesando: ./MaintManager.MAUI/bin/Debug/net10.0-ios/iossimulator-x64/System.Net.HttpListener.dll
Procesando: ./MaintManager.MAUI/bin/Debug/net10.0-ios/iossimulator-x64/System.Net.Mail.dll
Procesando: ./MaintManager.MAUI/bin/Debug/net10.0-ios/iossimulator-x64/System.Net.NameResolution.dll
Procesando: ./MaintManager.MAUI/bin/Debug/net10.0-ios/iossimulator-x64/System.Net.NetworkInformation.dll
Procesando: ./MaintManager.MAUI/bin/Debug/net10.0-ios/iossimulator-x64/System.Net.Ping.dll
Procesando: ./MaintManager.MAUI/bin/Debug/net10.0-ios/iossimulator-x64/System.Net.Primitives.dll
Procesando: ./MaintManager.MAUI/bin/Debug/net10.0-ios/iossimulator-x64/System.Net.Quic.dll
Procesando: ./MaintManager.MAUI/bin/Debug/net10.0-ios/iossimulator-x64/System.Net.Requests.dll
Procesando: ./MaintManager.MAUI/bin/Debug/net10.0-ios/iossimulator-x64/System.Net.Security.dll
Procesando: ./MaintManager.MAUI/bin/Debug/net10.0-ios/iossimulator-x64/System.Net.ServerSentEvents.dll
Procesando: ./MaintManager.MAUI/bin/Debug/net10.0-ios/iossimulator-x64/System.Net.ServicePoint.dll
Procesando: ./MaintManager.MAUI/bin/Debug/net10.0-ios/iossimulator-x64/System.Net.Sockets.dll
Procesando: ./MaintManager.MAUI/bin/Debug/net10.0-ios/iossimulator-x64/System.Net.WebClient.dll
Procesando: ./MaintManager.MAUI/bin/Debug/net10.0-ios/iossimulator-x64/System.Net.WebHeaderCollection.dll
Procesando: ./MaintManager.MAUI/bin/Debug/net10.0-ios/iossimulator-x64/System.Net.WebProxy.dll
Procesando: ./MaintManager.MAUI/bin/Debug/net10.0-ios/iossimulator-x64/System.Net.WebSockets.Client.dll
Procesando: ./MaintManager.MAUI/bin/Debug/net10.0-ios/iossimulator-x64/System.Net.WebSockets.dll
Procesando: ./MaintManager.MAUI/bin/Debug/net10.0-ios/iossimulator-x64/System.Net.dll
Procesando: ./MaintManager.MAUI/bin/Debug/net10.0-ios/iossimulator-x64/System.Numerics.Vectors.dll
Procesando: ./MaintManager.MAUI/bin/Debug/net10.0-ios/iossimulator-x64/System.Numerics.dll
Procesando: ./MaintManager.MAUI/bin/Debug/net10.0-ios/iossimulator-x64/System.ObjectModel.dll
Procesando: ./MaintManager.MAUI/bin/Debug/net10.0-ios/iossimulator-x64/System.Private.CoreLib.dll
Procesando: ./MaintManager.MAUI/bin/Debug/net10.0-ios/iossimulator-x64/System.Private.DataContractSerialization.dll
Procesando: ./MaintManager.MAUI/bin/Debug/net10.0-ios/iossimulator-x64/System.Private.Uri.dll
Procesando: ./MaintManager.MAUI/bin/Debug/net10.0-ios/iossimulator-x64/System.Private.Xml.Linq.dll
Procesando: ./MaintManager.MAUI/bin/Debug/net10.0-ios/iossimulator-x64/System.Private.Xml.dll
Procesando: ./MaintManager.MAUI/bin/Debug/net10.0-ios/iossimulator-x64/System.Reflection.DispatchProxy.dll
Procesando: ./MaintManager.MAUI/bin/Debug/net10.0-ios/iossimulator-x64/System.Reflection.Emit.ILGeneration.dll
Procesando: ./MaintManager.MAUI/bin/Debug/net10.0-ios/iossimulator-x64/System.Reflection.Emit.Lightweight.dll
Procesando: ./MaintManager.MAUI/bin/Debug/net10.0-ios/iossimulator-x64/System.Reflection.Emit.dll
Procesando: ./MaintManager.MAUI/bin/Debug/net10.0-ios/iossimulator-x64/System.Reflection.Extensions.dll
Procesando: ./MaintManager.MAUI/bin/Debug/net10.0-ios/iossimulator-x64/System.Reflection.Metadata.dll
Procesando: ./MaintManager.MAUI/bin/Debug/net10.0-ios/iossimulator-x64/System.Reflection.Primitives.dll
Procesando: ./MaintManager.MAUI/bin/Debug/net10.0-ios/iossimulator-x64/System.Reflection.TypeExtensions.dll
Procesando: ./MaintManager.MAUI/bin/Debug/net10.0-ios/iossimulator-x64/System.Reflection.dll
Procesando: ./MaintManager.MAUI/bin/Debug/net10.0-ios/iossimulator-x64/System.Resources.Reader.dll
Procesando: ./MaintManager.MAUI/bin/Debug/net10.0-ios/iossimulator-x64/System.Resources.ResourceManager.dll
Procesando: ./MaintManager.MAUI/bin/Debug/net10.0-ios/iossimulator-x64/System.Resources.Writer.dll
Procesando: ./MaintManager.MAUI/bin/Debug/net10.0-ios/iossimulator-x64/System.Runtime.CompilerServices.Unsafe.dll
Procesando: ./MaintManager.MAUI/bin/Debug/net10.0-ios/iossimulator-x64/System.Runtime.CompilerServices.VisualC.dll
Procesando: ./MaintManager.MAUI/bin/Debug/net10.0-ios/iossimulator-x64/System.Runtime.Extensions.dll
Procesando: ./MaintManager.MAUI/bin/Debug/net10.0-ios/iossimulator-x64/System.Runtime.Handles.dll
Procesando: ./MaintManager.MAUI/bin/Debug/net10.0-ios/iossimulator-x64/System.Runtime.InteropServices.JavaScript.dll
Procesando: ./MaintManager.MAUI/bin/Debug/net10.0-ios/iossimulator-x64/System.Runtime.InteropServices.RuntimeInformation.dll
Procesando: ./MaintManager.MAUI/bin/Debug/net10.0-ios/iossimulator-x64/System.Runtime.InteropServices.dll
Procesando: ./MaintManager.MAUI/bin/Debug/net10.0-ios/iossimulator-x64/System.Runtime.Intrinsics.dll
Procesando: ./MaintManager.MAUI/bin/Debug/net10.0-ios/iossimulator-x64/System.Runtime.Loader.dll
Procesando: ./MaintManager.MAUI/bin/Debug/net10.0-ios/iossimulator-x64/System.Runtime.Numerics.dll
Procesando: ./MaintManager.MAUI/bin/Debug/net10.0-ios/iossimulator-x64/System.Runtime.Serialization.Formatters.dll
Procesando: ./MaintManager.MAUI/bin/Debug/net10.0-ios/iossimulator-x64/System.Runtime.Serialization.Json.dll
Procesando: ./MaintManager.MAUI/bin/Debug/net10.0-ios/iossimulator-x64/System.Runtime.Serialization.Primitives.dll
Procesando: ./MaintManager.MAUI/bin/Debug/net10.0-ios/iossimulator-x64/System.Runtime.Serialization.Xml.dll
Procesando: ./MaintManager.MAUI/bin/Debug/net10.0-ios/iossimulator-x64/System.Runtime.Serialization.dll
Procesando: ./MaintManager.MAUI/bin/Debug/net10.0-ios/iossimulator-x64/System.Runtime.dll
Procesando: ./MaintManager.MAUI/bin/Debug/net10.0-ios/iossimulator-x64/System.Security.AccessControl.dll
Procesando: ./MaintManager.MAUI/bin/Debug/net10.0-ios/iossimulator-x64/System.Security.Claims.dll
Procesando: ./MaintManager.MAUI/bin/Debug/net10.0-ios/iossimulator-x64/System.Security.Cryptography.Algorithms.dll
Procesando: ./MaintManager.MAUI/bin/Debug/net10.0-ios/iossimulator-x64/System.Security.Cryptography.Cng.dll
Procesando: ./MaintManager.MAUI/bin/Debug/net10.0-ios/iossimulator-x64/System.Security.Cryptography.Csp.dll
Procesando: ./MaintManager.MAUI/bin/Debug/net10.0-ios/iossimulator-x64/System.Security.Cryptography.Encoding.dll
Procesando: ./MaintManager.MAUI/bin/Debug/net10.0-ios/iossimulator-x64/System.Security.Cryptography.OpenSsl.dll
Procesando: ./MaintManager.MAUI/bin/Debug/net10.0-ios/iossimulator-x64/System.Security.Cryptography.Primitives.dll
Procesando: ./MaintManager.MAUI/bin/Debug/net10.0-ios/iossimulator-x64/System.Security.Cryptography.X509Certificates.dll
Procesando: ./MaintManager.MAUI/bin/Debug/net10.0-ios/iossimulator-x64/System.Security.Cryptography.dll
Procesando: ./MaintManager.MAUI/bin/Debug/net10.0-ios/iossimulator-x64/System.Security.Principal.Windows.dll
Procesando: ./MaintManager.MAUI/bin/Debug/net10.0-ios/iossimulator-x64/System.Security.Principal.dll
Procesando: ./MaintManager.MAUI/bin/Debug/net10.0-ios/iossimulator-x64/System.Security.SecureString.dll
Procesando: ./MaintManager.MAUI/bin/Debug/net10.0-ios/iossimulator-x64/System.Security.dll
Procesando: ./MaintManager.MAUI/bin/Debug/net10.0-ios/iossimulator-x64/System.ServiceModel.Web.dll
Procesando: ./MaintManager.MAUI/bin/Debug/net10.0-ios/iossimulator-x64/System.ServiceProcess.dll
Procesando: ./MaintManager.MAUI/bin/Debug/net10.0-ios/iossimulator-x64/System.Text.Encoding.CodePages.dll
Procesando: ./MaintManager.MAUI/bin/Debug/net10.0-ios/iossimulator-x64/System.Text.Encoding.Extensions.dll
Procesando: ./MaintManager.MAUI/bin/Debug/net10.0-ios/iossimulator-x64/System.Text.Encoding.dll
Procesando: ./MaintManager.MAUI/bin/Debug/net10.0-ios/iossimulator-x64/System.Text.Encodings.Web.dll
Procesando: ./MaintManager.MAUI/bin/Debug/net10.0-ios/iossimulator-x64/System.Text.Json.dll
Procesando: ./MaintManager.MAUI/bin/Debug/net10.0-ios/iossimulator-x64/System.Text.RegularExpressions.dll
Procesando: ./MaintManager.MAUI/bin/Debug/net10.0-ios/iossimulator-x64/System.Threading.AccessControl.dll
Procesando: ./MaintManager.MAUI/bin/Debug/net10.0-ios/iossimulator-x64/System.Threading.Channels.dll
Procesando: ./MaintManager.MAUI/bin/Debug/net10.0-ios/iossimulator-x64/System.Threading.Overlapped.dll
Procesando: ./MaintManager.MAUI/bin/Debug/net10.0-ios/iossimulator-x64/System.Threading.Tasks.Dataflow.dll
Procesando: ./MaintManager.MAUI/bin/Debug/net10.0-ios/iossimulator-x64/System.Threading.Tasks.Extensions.dll
Procesando: ./MaintManager.MAUI/bin/Debug/net10.0-ios/iossimulator-x64/System.Threading.Tasks.Parallel.dll
Procesando: ./MaintManager.MAUI/bin/Debug/net10.0-ios/iossimulator-x64/System.Threading.Tasks.dll
Procesando: ./MaintManager.MAUI/bin/Debug/net10.0-ios/iossimulator-x64/System.Threading.Thread.dll
Procesando: ./MaintManager.MAUI/bin/Debug/net10.0-ios/iossimulator-x64/System.Threading.ThreadPool.dll
Procesando: ./MaintManager.MAUI/bin/Debug/net10.0-ios/iossimulator-x64/System.Threading.Timer.dll
Procesando: ./MaintManager.MAUI/bin/Debug/net10.0-ios/iossimulator-x64/System.Threading.dll
Procesando: ./MaintManager.MAUI/bin/Debug/net10.0-ios/iossimulator-x64/System.Transactions.Local.dll
Procesando: ./MaintManager.MAUI/bin/Debug/net10.0-ios/iossimulator-x64/System.Transactions.dll
Procesando: ./MaintManager.MAUI/bin/Debug/net10.0-ios/iossimulator-x64/System.ValueTuple.dll
Procesando: ./MaintManager.MAUI/bin/Debug/net10.0-ios/iossimulator-x64/System.Web.HttpUtility.dll
Procesando: ./MaintManager.MAUI/bin/Debug/net10.0-ios/iossimulator-x64/System.Web.dll
Procesando: ./MaintManager.MAUI/bin/Debug/net10.0-ios/iossimulator-x64/System.Windows.dll
Procesando: ./MaintManager.MAUI/bin/Debug/net10.0-ios/iossimulator-x64/System.Xml.Linq.dll
Procesando: ./MaintManager.MAUI/bin/Debug/net10.0-ios/iossimulator-x64/System.Xml.ReaderWriter.dll
Procesando: ./MaintManager.MAUI/bin/Debug/net10.0-ios/iossimulator-x64/System.Xml.Serialization.dll
Procesando: ./MaintManager.MAUI/bin/Debug/net10.0-ios/iossimulator-x64/System.Xml.XDocument.dll
Procesando: ./MaintManager.MAUI/bin/Debug/net10.0-ios/iossimulator-x64/System.Xml.XPath.XDocument.dll
Procesando: ./MaintManager.MAUI/bin/Debug/net10.0-ios/iossimulator-x64/System.Xml.XPath.dll
Procesando: ./MaintManager.MAUI/bin/Debug/net10.0-ios/iossimulator-x64/System.Xml.XmlDocument.dll
Procesando: ./MaintManager.MAUI/bin/Debug/net10.0-ios/iossimulator-x64/System.Xml.XmlSerializer.dll
Procesando: ./MaintManager.MAUI/bin/Debug/net10.0-ios/iossimulator-x64/System.Xml.dll
Procesando: ./MaintManager.MAUI/bin/Debug/net10.0-ios/iossimulator-x64/System.dll
Procesando: ./MaintManager.MAUI/bin/Debug/net10.0-ios/iossimulator-x64/WindowsBase.dll
Procesando: ./MaintManager.MAUI/bin/Debug/net10.0-ios/iossimulator-x64/ar/Microsoft.Maui.Controls.resources.dll
Procesando: ./MaintManager.MAUI/bin/Debug/net10.0-ios/iossimulator-x64/ca/Microsoft.Maui.Controls.resources.dll
Procesando: ./MaintManager.MAUI/bin/Debug/net10.0-ios/iossimulator-x64/codesign-bundle.items
Procesando: ./MaintManager.MAUI/bin/Debug/net10.0-ios/iossimulator-x64/codesign.items
Procesando: ./MaintManager.MAUI/bin/Debug/net10.0-ios/iossimulator-x64/cs/Microsoft.Maui.Controls.resources.dll
Procesando: ./MaintManager.MAUI/bin/Debug/net10.0-ios/iossimulator-x64/da/Microsoft.Maui.Controls.resources.dll
Procesando: ./MaintManager.MAUI/bin/Debug/net10.0-ios/iossimulator-x64/de/Microsoft.Maui.Controls.resources.dll
Procesando: ./MaintManager.MAUI/bin/Debug/net10.0-ios/iossimulator-x64/el/Microsoft.Maui.Controls.resources.dll
Procesando: ./MaintManager.MAUI/bin/Debug/net10.0-ios/iossimulator-x64/es/Microsoft.Maui.Controls.resources.dll
Procesando: ./MaintManager.MAUI/bin/Debug/net10.0-ios/iossimulator-x64/fi/Microsoft.Maui.Controls.resources.dll
Procesando: ./MaintManager.MAUI/bin/Debug/net10.0-ios/iossimulator-x64/fr/Microsoft.Maui.Controls.resources.dll
Procesando: ./MaintManager.MAUI/bin/Debug/net10.0-ios/iossimulator-x64/he/Microsoft.Maui.Controls.resources.dll
Procesando: ./MaintManager.MAUI/bin/Debug/net10.0-ios/iossimulator-x64/hi/Microsoft.Maui.Controls.resources.dll
Procesando: ./MaintManager.MAUI/bin/Debug/net10.0-ios/iossimulator-x64/hr/Microsoft.Maui.Controls.resources.dll
Procesando: ./MaintManager.MAUI/bin/Debug/net10.0-ios/iossimulator-x64/hu/Microsoft.Maui.Controls.resources.dll
Procesando: ./MaintManager.MAUI/bin/Debug/net10.0-ios/iossimulator-x64/id/Microsoft.Maui.Controls.resources.dll
Procesando: ./MaintManager.MAUI/bin/Debug/net10.0-ios/iossimulator-x64/it/Microsoft.Maui.Controls.resources.dll
Procesando: ./MaintManager.MAUI/bin/Debug/net10.0-ios/iossimulator-x64/ja/Microsoft.Maui.Controls.resources.dll
Procesando: ./MaintManager.MAUI/bin/Debug/net10.0-ios/iossimulator-x64/ko/Microsoft.Maui.Controls.resources.dll
Procesando: ./MaintManager.MAUI/bin/Debug/net10.0-ios/iossimulator-x64/libHarfBuzzSharp
Procesando: ./MaintManager.MAUI/bin/Debug/net10.0-ios/iossimulator-x64/libHarfBuzzSharp.h
Procesando: ./MaintManager.MAUI/bin/Debug/net10.0-ios/iossimulator-x64/libSkiaSharp
Procesando: ./MaintManager.MAUI/bin/Debug/net10.0-ios/iossimulator-x64/libSystem.Globalization.Native.a
Procesando: ./MaintManager.MAUI/bin/Debug/net10.0-ios/iossimulator-x64/libSystem.Globalization.Native.dylib
Procesando: ./MaintManager.MAUI/bin/Debug/net10.0-ios/iossimulator-x64/libSystem.IO.Compression.Native.a
Procesando: ./MaintManager.MAUI/bin/Debug/net10.0-ios/iossimulator-x64/libSystem.IO.Compression.Native.dylib
Procesando: ./MaintManager.MAUI/bin/Debug/net10.0-ios/iossimulator-x64/libSystem.Native.a
Procesando: ./MaintManager.MAUI/bin/Debug/net10.0-ios/iossimulator-x64/libSystem.Native.dylib
Procesando: ./MaintManager.MAUI/bin/Debug/net10.0-ios/iossimulator-x64/libSystem.Net.Security.Native.a
Procesando: ./MaintManager.MAUI/bin/Debug/net10.0-ios/iossimulator-x64/libSystem.Net.Security.Native.dylib
Procesando: ./MaintManager.MAUI/bin/Debug/net10.0-ios/iossimulator-x64/libSystem.Security.Cryptography.Native.Apple.a
Procesando: ./MaintManager.MAUI/bin/Debug/net10.0-ios/iossimulator-x64/libSystem.Security.Cryptography.Native.Apple.dylib
Procesando: ./MaintManager.MAUI/bin/Debug/net10.0-ios/iossimulator-x64/libbrotlicommon.a
Procesando: ./MaintManager.MAUI/bin/Debug/net10.0-ios/iossimulator-x64/libbrotlidec.a
Procesando: ./MaintManager.MAUI/bin/Debug/net10.0-ios/iossimulator-x64/libbrotlienc.a
Procesando: ./MaintManager.MAUI/bin/Debug/net10.0-ios/iossimulator-x64/libextension-dotnet.a
Procesando: ./MaintManager.MAUI/bin/Debug/net10.0-ios/iossimulator-x64/libmono-component-debugger-static.a
Procesando: ./MaintManager.MAUI/bin/Debug/net10.0-ios/iossimulator-x64/libmono-component-debugger-stub-static.a
Procesando: ./MaintManager.MAUI/bin/Debug/net10.0-ios/iossimulator-x64/libmono-component-debugger.dylib
Procesando: ./MaintManager.MAUI/bin/Debug/net10.0-ios/iossimulator-x64/libmono-component-diagnostics_tracing-static.a
Procesando: ./MaintManager.MAUI/bin/Debug/net10.0-ios/iossimulator-x64/libmono-component-diagnostics_tracing-stub-static.a
Procesando: ./MaintManager.MAUI/bin/Debug/net10.0-ios/iossimulator-x64/libmono-component-diagnostics_tracing.dylib
Procesando: ./MaintManager.MAUI/bin/Debug/net10.0-ios/iossimulator-x64/libmono-component-hot_reload-static.a
Procesando: ./MaintManager.MAUI/bin/Debug/net10.0-ios/iossimulator-x64/libmono-component-hot_reload-stub-static.a
Procesando: ./MaintManager.MAUI/bin/Debug/net10.0-ios/iossimulator-x64/libmono-component-hot_reload.dylib
Procesando: ./MaintManager.MAUI/bin/Debug/net10.0-ios/iossimulator-x64/libmono-component-marshal-ilgen-static.a
Procesando: ./MaintManager.MAUI/bin/Debug/net10.0-ios/iossimulator-x64/libmono-component-marshal-ilgen-stub-static.a
Procesando: ./MaintManager.MAUI/bin/Debug/net10.0-ios/iossimulator-x64/libmono-component-marshal-ilgen.dylib
Procesando: ./MaintManager.MAUI/bin/Debug/net10.0-ios/iossimulator-x64/libmonosgen-2.0.a
Procesando: ./MaintManager.MAUI/bin/Debug/net10.0-ios/iossimulator-x64/libmonosgen-2.0.dylib
Procesando: ./MaintManager.MAUI/bin/Debug/net10.0-ios/iossimulator-x64/libxamarin-dotnet-debug.a
Procesando: ./MaintManager.MAUI/bin/Debug/net10.0-ios/iossimulator-x64/libxamarin-dotnet-debug.dylib
Procesando: ./MaintManager.MAUI/bin/Debug/net10.0-ios/iossimulator-x64/libxamarin-dotnet-nativeaot-debug.a
Procesando: ./MaintManager.MAUI/bin/Debug/net10.0-ios/iossimulator-x64/libxamarin-dotnet-nativeaot.a
Procesando: ./MaintManager.MAUI/bin/Debug/net10.0-ios/iossimulator-x64/libxamarin-dotnet.a
Procesando: ./MaintManager.MAUI/bin/Debug/net10.0-ios/iossimulator-x64/libxamarin-dotnet.dylib
Procesando: ./MaintManager.MAUI/bin/Debug/net10.0-ios/iossimulator-x64/module.modulemap
Procesando: ./MaintManager.MAUI/bin/Debug/net10.0-ios/iossimulator-x64/ms/Microsoft.Maui.Controls.resources.dll
Procesando: ./MaintManager.MAUI/bin/Debug/net10.0-ios/iossimulator-x64/mscorlib.dll
Procesando: ./MaintManager.MAUI/bin/Debug/net10.0-ios/iossimulator-x64/nb/Microsoft.Maui.Controls.resources.dll
Procesando: ./MaintManager.MAUI/bin/Debug/net10.0-ios/iossimulator-x64/netstandard.dll
Procesando: ./MaintManager.MAUI/bin/Debug/net10.0-ios/iossimulator-x64/nl/Microsoft.Maui.Controls.resources.dll
Procesando: ./MaintManager.MAUI/bin/Debug/net10.0-ios/iossimulator-x64/pl/Microsoft.Maui.Controls.resources.dll
Procesando: ./MaintManager.MAUI/bin/Debug/net10.0-ios/iossimulator-x64/postprocessing.items
Procesando: ./MaintManager.MAUI/bin/Debug/net10.0-ios/iossimulator-x64/pt-BR/Microsoft.Maui.Controls.resources.dll
Procesando: ./MaintManager.MAUI/bin/Debug/net10.0-ios/iossimulator-x64/pt/Microsoft.Maui.Controls.resources.dll
Procesando: ./MaintManager.MAUI/bin/Debug/net10.0-ios/iossimulator-x64/ro/Microsoft.Maui.Controls.resources.dll
Procesando: ./MaintManager.MAUI/bin/Debug/net10.0-ios/iossimulator-x64/ru/Microsoft.Maui.Controls.resources.dll
Procesando: ./MaintManager.MAUI/bin/Debug/net10.0-ios/iossimulator-x64/sk/Microsoft.Maui.Controls.resources.dll
Procesando: ./MaintManager.MAUI/bin/Debug/net10.0-ios/iossimulator-x64/sv/Microsoft.Maui.Controls.resources.dll
Procesando: ./MaintManager.MAUI/bin/Debug/net10.0-ios/iossimulator-x64/th/Microsoft.Maui.Controls.resources.dll
Procesando: ./MaintManager.MAUI/bin/Debug/net10.0-ios/iossimulator-x64/tr/Microsoft.Maui.Controls.resources.dll
Procesando: ./MaintManager.MAUI/bin/Debug/net10.0-ios/iossimulator-x64/uk/Microsoft.Maui.Controls.resources.dll
Procesando: ./MaintManager.MAUI/bin/Debug/net10.0-ios/iossimulator-x64/vi/Microsoft.Maui.Controls.resources.dll
Procesando: ./MaintManager.MAUI/bin/Debug/net10.0-ios/iossimulator-x64/zh-HK/Microsoft.Maui.Controls.resources.dll
Procesando: ./MaintManager.MAUI/bin/Debug/net10.0-ios/iossimulator-x64/zh-Hans/Microsoft.Maui.Controls.resources.dll
Procesando: ./MaintManager.MAUI/bin/Debug/net10.0-ios/iossimulator-x64/zh-Hant/Microsoft.Maui.Controls.resources.dll
Procesando: ./MaintManager.MAUI/bin/Debug/net10.0-maccatalyst/maccatalyst-x64/AOTCompileInputs.cache
Procesando: ./MaintManager.MAUI/bin/Debug/net10.0-maccatalyst/maccatalyst-x64/AOTCompileInputs.cache.uptodate
Procesando: ./MaintManager.MAUI/bin/Debug/net10.0-maccatalyst/maccatalyst-x64/CommunityToolkit.Maui.Core.dll
Procesando: ./MaintManager.MAUI/bin/Debug/net10.0-maccatalyst/maccatalyst-x64/CommunityToolkit.Maui.dll
Procesando: ./MaintManager.MAUI/bin/Debug/net10.0-maccatalyst/maccatalyst-x64/CommunityToolkit.Mvvm.dll
Procesando: ./MaintManager.MAUI/bin/Debug/net10.0-maccatalyst/maccatalyst-x64/HarfBuzzSharp.dll
Procesando: ./MaintManager.MAUI/bin/Debug/net10.0-maccatalyst/maccatalyst-x64/LinkerInputs.cache
Procesando: ./MaintManager.MAUI/bin/Debug/net10.0-maccatalyst/maccatalyst-x64/LinkerInputs.cache.xml
Procesando: ./MaintManager.MAUI/bin/Debug/net10.0-maccatalyst/maccatalyst-x64/LiveChartsCore.Behaviours.dll
Procesando: ./MaintManager.MAUI/bin/Debug/net10.0-maccatalyst/maccatalyst-x64/LiveChartsCore.SkiaSharpView.Maui.dll
Procesando: ./MaintManager.MAUI/bin/Debug/net10.0-maccatalyst/maccatalyst-x64/LiveChartsCore.SkiaSharpView.dll
Procesando: ./MaintManager.MAUI/bin/Debug/net10.0-maccatalyst/maccatalyst-x64/LiveChartsCore.dll
Procesando: ./MaintManager.MAUI/bin/Debug/net10.0-maccatalyst/maccatalyst-x64/MaintManager.MAUI.dll
Procesando: ./MaintManager.MAUI/bin/Debug/net10.0-maccatalyst/maccatalyst-x64/MaintManager.MAUI.pdb
Procesando: ./MaintManager.MAUI/bin/Debug/net10.0-maccatalyst/maccatalyst-x64/MaintManager.MAUI.runtimeconfig.json
Procesando: ./MaintManager.MAUI/bin/Debug/net10.0-maccatalyst/maccatalyst-x64/MaintManager.Shared.dll
Procesando: ./MaintManager.MAUI/bin/Debug/net10.0-maccatalyst/maccatalyst-x64/MaintManager.Shared.pdb
Procesando: ./MaintManager.MAUI/bin/Debug/net10.0-maccatalyst/maccatalyst-x64/Microsoft.CSharp.dll
Procesando: ./MaintManager.MAUI/bin/Debug/net10.0-maccatalyst/maccatalyst-x64/Microsoft.Extensions.Configuration.Abstractions.dll
Procesando: ./MaintManager.MAUI/bin/Debug/net10.0-maccatalyst/maccatalyst-x64/Microsoft.Extensions.Configuration.Binder.dll
Procesando: ./MaintManager.MAUI/bin/Debug/net10.0-maccatalyst/maccatalyst-x64/Microsoft.Extensions.Configuration.dll
Procesando: ./MaintManager.MAUI/bin/Debug/net10.0-maccatalyst/maccatalyst-x64/Microsoft.Extensions.DependencyInjection.Abstractions.dll
Procesando: ./MaintManager.MAUI/bin/Debug/net10.0-maccatalyst/maccatalyst-x64/Microsoft.Extensions.DependencyInjection.dll
Procesando: ./MaintManager.MAUI/bin/Debug/net10.0-maccatalyst/maccatalyst-x64/Microsoft.Extensions.Diagnostics.Abstractions.dll
Procesando: ./MaintManager.MAUI/bin/Debug/net10.0-maccatalyst/maccatalyst-x64/Microsoft.Extensions.Diagnostics.dll
Procesando: ./MaintManager.MAUI/bin/Debug/net10.0-maccatalyst/maccatalyst-x64/Microsoft.Extensions.Http.dll
Procesando: ./MaintManager.MAUI/bin/Debug/net10.0-maccatalyst/maccatalyst-x64/Microsoft.Extensions.Logging.Abstractions.dll
Procesando: ./MaintManager.MAUI/bin/Debug/net10.0-maccatalyst/maccatalyst-x64/Microsoft.Extensions.Logging.Debug.dll
Procesando: ./MaintManager.MAUI/bin/Debug/net10.0-maccatalyst/maccatalyst-x64/Microsoft.Extensions.Logging.dll
Procesando: ./MaintManager.MAUI/bin/Debug/net10.0-maccatalyst/maccatalyst-x64/Microsoft.Extensions.Options.ConfigurationExtensions.dll
Procesando: ./MaintManager.MAUI/bin/Debug/net10.0-maccatalyst/maccatalyst-x64/Microsoft.Extensions.Options.dll
Procesando: ./MaintManager.MAUI/bin/Debug/net10.0-maccatalyst/maccatalyst-x64/Microsoft.Extensions.Primitives.dll
Procesando: ./MaintManager.MAUI/bin/Debug/net10.0-maccatalyst/maccatalyst-x64/Microsoft.MacCatalyst.dll
Procesando: ./MaintManager.MAUI/bin/Debug/net10.0-maccatalyst/maccatalyst-x64/Microsoft.MacCatalyst.registrar.a
Procesando: ./MaintManager.MAUI/bin/Debug/net10.0-maccatalyst/maccatalyst-x64/Microsoft.Maui.Controls.Compatibility.dll
Procesando: ./MaintManager.MAUI/bin/Debug/net10.0-maccatalyst/maccatalyst-x64/Microsoft.Maui.Controls.Xaml.dll
Procesando: ./MaintManager.MAUI/bin/Debug/net10.0-maccatalyst/maccatalyst-x64/Microsoft.Maui.Controls.dll
Procesando: ./MaintManager.MAUI/bin/Debug/net10.0-maccatalyst/maccatalyst-x64/Microsoft.Maui.Essentials.dll
Procesando: ./MaintManager.MAUI/bin/Debug/net10.0-maccatalyst/maccatalyst-x64/Microsoft.Maui.Graphics.dll
Procesando: ./MaintManager.MAUI/bin/Debug/net10.0-maccatalyst/maccatalyst-x64/Microsoft.Maui.dll
Procesando: ./MaintManager.MAUI/bin/Debug/net10.0-maccatalyst/maccatalyst-x64/Microsoft.VisualBasic.Core.dll
Procesando: ./MaintManager.MAUI/bin/Debug/net10.0-maccatalyst/maccatalyst-x64/Microsoft.VisualBasic.dll
Procesando: ./MaintManager.MAUI/bin/Debug/net10.0-maccatalyst/maccatalyst-x64/Microsoft.Win32.Primitives.dll
Procesando: ./MaintManager.MAUI/bin/Debug/net10.0-maccatalyst/maccatalyst-x64/Microsoft.Win32.Registry.dll
Procesando: ./MaintManager.MAUI/bin/Debug/net10.0-maccatalyst/maccatalyst-x64/SkiaSharp.HarfBuzz.dll
Procesando: ./MaintManager.MAUI/bin/Debug/net10.0-maccatalyst/maccatalyst-x64/SkiaSharp.Views.Maui.Controls.dll
Procesando: ./MaintManager.MAUI/bin/Debug/net10.0-maccatalyst/maccatalyst-x64/SkiaSharp.Views.Maui.Core.dll
Procesando: ./MaintManager.MAUI/bin/Debug/net10.0-maccatalyst/maccatalyst-x64/SkiaSharp.Views.iOS.dll
Procesando: ./MaintManager.MAUI/bin/Debug/net10.0-maccatalyst/maccatalyst-x64/SkiaSharp.dll
Procesando: ./MaintManager.MAUI/bin/Debug/net10.0-maccatalyst/maccatalyst-x64/System.AppContext.dll
Procesando: ./MaintManager.MAUI/bin/Debug/net10.0-maccatalyst/maccatalyst-x64/System.Buffers.dll
Procesando: ./MaintManager.MAUI/bin/Debug/net10.0-maccatalyst/maccatalyst-x64/System.Collections.Concurrent.dll
Procesando: ./MaintManager.MAUI/bin/Debug/net10.0-maccatalyst/maccatalyst-x64/System.Collections.Immutable.dll
Procesando: ./MaintManager.MAUI/bin/Debug/net10.0-maccatalyst/maccatalyst-x64/System.Collections.NonGeneric.dll
Procesando: ./MaintManager.MAUI/bin/Debug/net10.0-maccatalyst/maccatalyst-x64/System.Collections.Specialized.dll
Procesando: ./MaintManager.MAUI/bin/Debug/net10.0-maccatalyst/maccatalyst-x64/System.Collections.dll
Procesando: ./MaintManager.MAUI/bin/Debug/net10.0-maccatalyst/maccatalyst-x64/System.ComponentModel.Annotations.dll
Procesando: ./MaintManager.MAUI/bin/Debug/net10.0-maccatalyst/maccatalyst-x64/System.ComponentModel.DataAnnotations.dll
Procesando: ./MaintManager.MAUI/bin/Debug/net10.0-maccatalyst/maccatalyst-x64/System.ComponentModel.EventBasedAsync.dll
Procesando: ./MaintManager.MAUI/bin/Debug/net10.0-maccatalyst/maccatalyst-x64/System.ComponentModel.Primitives.dll
Procesando: ./MaintManager.MAUI/bin/Debug/net10.0-maccatalyst/maccatalyst-x64/System.ComponentModel.TypeConverter.dll
Procesando: ./MaintManager.MAUI/bin/Debug/net10.0-maccatalyst/maccatalyst-x64/System.ComponentModel.dll
Procesando: ./MaintManager.MAUI/bin/Debug/net10.0-maccatalyst/maccatalyst-x64/System.Configuration.dll
Procesando: ./MaintManager.MAUI/bin/Debug/net10.0-maccatalyst/maccatalyst-x64/System.Console.dll
Procesando: ./MaintManager.MAUI/bin/Debug/net10.0-maccatalyst/maccatalyst-x64/System.Core.dll
Procesando: ./MaintManager.MAUI/bin/Debug/net10.0-maccatalyst/maccatalyst-x64/System.Data.Common.dll
Procesando: ./MaintManager.MAUI/bin/Debug/net10.0-maccatalyst/maccatalyst-x64/System.Data.DataSetExtensions.dll
Procesando: ./MaintManager.MAUI/bin/Debug/net10.0-maccatalyst/maccatalyst-x64/System.Data.dll
Procesando: ./MaintManager.MAUI/bin/Debug/net10.0-maccatalyst/maccatalyst-x64/System.Diagnostics.Contracts.dll
Procesando: ./MaintManager.MAUI/bin/Debug/net10.0-maccatalyst/maccatalyst-x64/System.Diagnostics.Debug.dll
Procesando: ./MaintManager.MAUI/bin/Debug/net10.0-maccatalyst/maccatalyst-x64/System.Diagnostics.DiagnosticSource.dll
Procesando: ./MaintManager.MAUI/bin/Debug/net10.0-maccatalyst/maccatalyst-x64/System.Diagnostics.FileVersionInfo.dll
Procesando: ./MaintManager.MAUI/bin/Debug/net10.0-maccatalyst/maccatalyst-x64/System.Diagnostics.Process.dll
Procesando: ./MaintManager.MAUI/bin/Debug/net10.0-maccatalyst/maccatalyst-x64/System.Diagnostics.StackTrace.dll
Procesando: ./MaintManager.MAUI/bin/Debug/net10.0-maccatalyst/maccatalyst-x64/System.Diagnostics.TextWriterTraceListener.dll
Procesando: ./MaintManager.MAUI/bin/Debug/net10.0-maccatalyst/maccatalyst-x64/System.Diagnostics.Tools.dll
Procesando: ./MaintManager.MAUI/bin/Debug/net10.0-maccatalyst/maccatalyst-x64/System.Diagnostics.TraceSource.dll
Procesando: ./MaintManager.MAUI/bin/Debug/net10.0-maccatalyst/maccatalyst-x64/System.Diagnostics.Tracing.dll
Procesando: ./MaintManager.MAUI/bin/Debug/net10.0-maccatalyst/maccatalyst-x64/System.Drawing.Primitives.dll
Procesando: ./MaintManager.MAUI/bin/Debug/net10.0-maccatalyst/maccatalyst-x64/System.Drawing.dll
Procesando: ./MaintManager.MAUI/bin/Debug/net10.0-maccatalyst/maccatalyst-x64/System.Dynamic.Runtime.dll
Procesando: ./MaintManager.MAUI/bin/Debug/net10.0-maccatalyst/maccatalyst-x64/System.Formats.Asn1.dll
Procesando: ./MaintManager.MAUI/bin/Debug/net10.0-maccatalyst/maccatalyst-x64/System.Formats.Tar.dll
Procesando: ./MaintManager.MAUI/bin/Debug/net10.0-maccatalyst/maccatalyst-x64/System.Globalization.Calendars.dll
Procesando: ./MaintManager.MAUI/bin/Debug/net10.0-maccatalyst/maccatalyst-x64/System.Globalization.Extensions.dll
Procesando: ./MaintManager.MAUI/bin/Debug/net10.0-maccatalyst/maccatalyst-x64/System.Globalization.dll
Procesando: ./MaintManager.MAUI/bin/Debug/net10.0-maccatalyst/maccatalyst-x64/System.IO.Compression.Brotli.dll
Procesando: ./MaintManager.MAUI/bin/Debug/net10.0-maccatalyst/maccatalyst-x64/System.IO.Compression.FileSystem.dll
Procesando: ./MaintManager.MAUI/bin/Debug/net10.0-maccatalyst/maccatalyst-x64/System.IO.Compression.ZipFile.dll
Procesando: ./MaintManager.MAUI/bin/Debug/net10.0-maccatalyst/maccatalyst-x64/System.IO.Compression.dll
Procesando: ./MaintManager.MAUI/bin/Debug/net10.0-maccatalyst/maccatalyst-x64/System.IO.FileSystem.AccessControl.dll
Procesando: ./MaintManager.MAUI/bin/Debug/net10.0-maccatalyst/maccatalyst-x64/System.IO.FileSystem.DriveInfo.dll
Procesando: ./MaintManager.MAUI/bin/Debug/net10.0-maccatalyst/maccatalyst-x64/System.IO.FileSystem.Primitives.dll
Procesando: ./MaintManager.MAUI/bin/Debug/net10.0-maccatalyst/maccatalyst-x64/System.IO.FileSystem.Watcher.dll
Procesando: ./MaintManager.MAUI/bin/Debug/net10.0-maccatalyst/maccatalyst-x64/System.IO.FileSystem.dll
Procesando: ./MaintManager.MAUI/bin/Debug/net10.0-maccatalyst/maccatalyst-x64/System.IO.IsolatedStorage.dll
Procesando: ./MaintManager.MAUI/bin/Debug/net10.0-maccatalyst/maccatalyst-x64/System.IO.MemoryMappedFiles.dll
Procesando: ./MaintManager.MAUI/bin/Debug/net10.0-maccatalyst/maccatalyst-x64/System.IO.Pipelines.dll
Procesando: ./MaintManager.MAUI/bin/Debug/net10.0-maccatalyst/maccatalyst-x64/System.IO.Pipes.AccessControl.dll
Procesando: ./MaintManager.MAUI/bin/Debug/net10.0-maccatalyst/maccatalyst-x64/System.IO.Pipes.dll
Procesando: ./MaintManager.MAUI/bin/Debug/net10.0-maccatalyst/maccatalyst-x64/System.IO.UnmanagedMemoryStream.dll
Procesando: ./MaintManager.MAUI/bin/Debug/net10.0-maccatalyst/maccatalyst-x64/System.IO.dll
Procesando: ./MaintManager.MAUI/bin/Debug/net10.0-maccatalyst/maccatalyst-x64/System.Linq.AsyncEnumerable.dll
Procesando: ./MaintManager.MAUI/bin/Debug/net10.0-maccatalyst/maccatalyst-x64/System.Linq.Expressions.dll
Procesando: ./MaintManager.MAUI/bin/Debug/net10.0-maccatalyst/maccatalyst-x64/System.Linq.Parallel.dll
Procesando: ./MaintManager.MAUI/bin/Debug/net10.0-maccatalyst/maccatalyst-x64/System.Linq.Queryable.dll
Procesando: ./MaintManager.MAUI/bin/Debug/net10.0-maccatalyst/maccatalyst-x64/System.Linq.dll
Procesando: ./MaintManager.MAUI/bin/Debug/net10.0-maccatalyst/maccatalyst-x64/System.Memory.dll
Procesando: ./MaintManager.MAUI/bin/Debug/net10.0-maccatalyst/maccatalyst-x64/System.Net.Http.Json.dll
Procesando: ./MaintManager.MAUI/bin/Debug/net10.0-maccatalyst/maccatalyst-x64/System.Net.Http.dll
Procesando: ./MaintManager.MAUI/bin/Debug/net10.0-maccatalyst/maccatalyst-x64/System.Net.HttpListener.dll
Procesando: ./MaintManager.MAUI/bin/Debug/net10.0-maccatalyst/maccatalyst-x64/System.Net.Mail.dll
Procesando: ./MaintManager.MAUI/bin/Debug/net10.0-maccatalyst/maccatalyst-x64/System.Net.NameResolution.dll
Procesando: ./MaintManager.MAUI/bin/Debug/net10.0-maccatalyst/maccatalyst-x64/System.Net.NetworkInformation.dll
Procesando: ./MaintManager.MAUI/bin/Debug/net10.0-maccatalyst/maccatalyst-x64/System.Net.Ping.dll
Procesando: ./MaintManager.MAUI/bin/Debug/net10.0-maccatalyst/maccatalyst-x64/System.Net.Primitives.dll
Procesando: ./MaintManager.MAUI/bin/Debug/net10.0-maccatalyst/maccatalyst-x64/System.Net.Quic.dll
Procesando: ./MaintManager.MAUI/bin/Debug/net10.0-maccatalyst/maccatalyst-x64/System.Net.Requests.dll
Procesando: ./MaintManager.MAUI/bin/Debug/net10.0-maccatalyst/maccatalyst-x64/System.Net.Security.dll
Procesando: ./MaintManager.MAUI/bin/Debug/net10.0-maccatalyst/maccatalyst-x64/System.Net.ServerSentEvents.dll
Procesando: ./MaintManager.MAUI/bin/Debug/net10.0-maccatalyst/maccatalyst-x64/System.Net.ServicePoint.dll
Procesando: ./MaintManager.MAUI/bin/Debug/net10.0-maccatalyst/maccatalyst-x64/System.Net.Sockets.dll
Procesando: ./MaintManager.MAUI/bin/Debug/net10.0-maccatalyst/maccatalyst-x64/System.Net.WebClient.dll
Procesando: ./MaintManager.MAUI/bin/Debug/net10.0-maccatalyst/maccatalyst-x64/System.Net.WebHeaderCollection.dll
Procesando: ./MaintManager.MAUI/bin/Debug/net10.0-maccatalyst/maccatalyst-x64/System.Net.WebProxy.dll
Procesando: ./MaintManager.MAUI/bin/Debug/net10.0-maccatalyst/maccatalyst-x64/System.Net.WebSockets.Client.dll
Procesando: ./MaintManager.MAUI/bin/Debug/net10.0-maccatalyst/maccatalyst-x64/System.Net.WebSockets.dll
Procesando: ./MaintManager.MAUI/bin/Debug/net10.0-maccatalyst/maccatalyst-x64/System.Net.dll
Procesando: ./MaintManager.MAUI/bin/Debug/net10.0-maccatalyst/maccatalyst-x64/System.Numerics.Vectors.dll
Procesando: ./MaintManager.MAUI/bin/Debug/net10.0-maccatalyst/maccatalyst-x64/System.Numerics.dll
Procesando: ./MaintManager.MAUI/bin/Debug/net10.0-maccatalyst/maccatalyst-x64/System.ObjectModel.dll
Procesando: ./MaintManager.MAUI/bin/Debug/net10.0-maccatalyst/maccatalyst-x64/System.Private.CoreLib.dll
Procesando: ./MaintManager.MAUI/bin/Debug/net10.0-maccatalyst/maccatalyst-x64/System.Private.DataContractSerialization.dll
Procesando: ./MaintManager.MAUI/bin/Debug/net10.0-maccatalyst/maccatalyst-x64/System.Private.Uri.dll
Procesando: ./MaintManager.MAUI/bin/Debug/net10.0-maccatalyst/maccatalyst-x64/System.Private.Xml.Linq.dll
Procesando: ./MaintManager.MAUI/bin/Debug/net10.0-maccatalyst/maccatalyst-x64/System.Private.Xml.dll
Procesando: ./MaintManager.MAUI/bin/Debug/net10.0-maccatalyst/maccatalyst-x64/System.Reflection.DispatchProxy.dll
Procesando: ./MaintManager.MAUI/bin/Debug/net10.0-maccatalyst/maccatalyst-x64/System.Reflection.Emit.ILGeneration.dll
Procesando: ./MaintManager.MAUI/bin/Debug/net10.0-maccatalyst/maccatalyst-x64/System.Reflection.Emit.Lightweight.dll
Procesando: ./MaintManager.MAUI/bin/Debug/net10.0-maccatalyst/maccatalyst-x64/System.Reflection.Emit.dll
